2025-08-15 13:24:38,354 - ERROR - Error loading ../models/gradient_boosting.pkl: Can't get attribute '__pyx_unpickle_CyHalfBinomialLoss' on <module 'sklearn._loss._loss' from '/usr/local/lib/python3.11/site-packages/sklearn/_loss/_loss.cpython-311-x86_64-linux-gnu.so'>
2025-08-15 13:24:38,364 - INFO - Loaded model: logistic_regression
2025-08-15 13:24:38,468 - INFO - Loaded model: random_forest
2025-08-15 13:24:38,468 - INFO - Loaded DoHXP rule-based model from ../models/dohxp_model.json
2025-08-15 13:24:38,468 - INFO - Loading data: /app/captured/output.only_172.18.0.5.csv
2025-08-15 13:24:38,498 - INFO - Features used: 31/31
2025-08-15 13:24:38,498 - INFO - === PREDICTIONS ===
2025-08-15 13:24:38,506 - INFO - 🤖 LOGISTIC_REGRESSION:
2025-08-15 13:24:38,506 - INFO -    - Benign: 250
2025-08-15 13:24:38,506 - INFO -    - Malicious: 0
2025-08-15 13:24:38,506 - INFO -    - Threshold applied: 0.957
2025-08-15 13:24:38,506 - INFO -    - Avg confidence: 0.994
2025-08-15 13:24:38,539 - INFO - 🤖 RANDOM_FOREST:
2025-08-15 13:24:38,539 - INFO -    - Benign: 176
2025-08-15 13:24:38,539 - INFO -    - Malicious: 74
2025-08-15 13:24:38,539 - INFO -    - Threshold applied: 0.209
2025-08-15 13:24:38,539 - INFO -    - Avg confidence: 0.922
2025-08-15 13:24:38,549 - INFO - 🤖 DOHXP:
2025-08-15 13:24:38,549 - INFO -    - Benign: 0
2025-08-15 13:24:38,549 - INFO -    - Malicious: 250
2025-08-15 13:24:38,549 - INFO -    - Threshold applied: 0.500
2025-08-15 13:24:38,550 - INFO -    - Avg confidence: 0.870
2025-08-15 13:24:38,550 - INFO - 
=== SUMMARY OF PREDICTIONS ===

Model                      Benign    Malicious      Total Threshold   Confidence
--------------------------------------------------------------------------------
logistic_regression           250            0        250    0.957        0.994
random_forest                 176           74        250    0.209        0.922
dohxp                           0          250        250    0.500        0.870
