2025-08-14 16:59:48,144 - ERROR - ❌ Error loading ../models/gradient_boosting.pkl: Can't get attribute '__pyx_unpickle_CyHalfBinomialLoss' on <module 'sklearn._loss._loss' from '/usr/local/lib/python3.11/site-packages/sklearn/_loss/_loss.cpython-311-x86_64-linux-gnu.so'>
2025-08-14 16:59:48,151 - INFO - ✅ Loaded model: logistic_regression
2025-08-14 16:59:48,251 - INFO - ✅ Loaded model: random_forest
2025-08-14 16:59:48,252 - INFO - ✅ Loaded DoHXP rule-based model from ../models/dohxp_model.json
2025-08-14 16:59:48,252 - INFO - 📊 Loading data: /app/captured/output.only_172.18.0.5.csv
2025-08-14 16:59:48,265 - INFO - 📊 Features used: 31/31
2025-08-14 16:59:48,265 - INFO - 📊 === PREDICTIONS ===
2025-08-14 16:59:48,272 - INFO - 🤖 LOGISTIC_REGRESSION:
2025-08-14 16:59:48,272 - INFO -    - Benign: 9
2025-08-14 16:59:48,273 - INFO -    - Malicious: 0
2025-08-14 16:59:48,273 - INFO -    - Threshold applied: 0.957
2025-08-14 16:59:48,273 - INFO -    - Avg confidence: 0.947
2025-08-14 16:59:48,302 - INFO - 🤖 RANDOM_FOREST:
2025-08-14 16:59:48,302 - INFO -    - Benign: 8
2025-08-14 16:59:48,303 - INFO -    - Malicious: 1
2025-08-14 16:59:48,303 - INFO -    - Threshold applied: 0.209
2025-08-14 16:59:48,303 - INFO -    - Avg confidence: 0.970
2025-08-14 16:59:48,303 - INFO - 🤖 DOHXP:
2025-08-14 16:59:48,303 - INFO -    - Benign: 0
2025-08-14 16:59:48,304 - INFO -    - Malicious: 9
2025-08-14 16:59:48,304 - INFO -    - Threshold applied: 0.500
2025-08-14 16:59:48,304 - INFO -    - Avg confidence: 0.956
2025-08-14 16:59:48,304 - INFO - 
📊 === SUMMARY OF PREDICTIONS ===

Model                      Benign    Malicious      Total Threshold   Confidence
--------------------------------------------------------------------------------
logistic_regression             9            0          9    0.957        0.947
random_forest                   8            1          9    0.209        0.970
dohxp                           0            9          9    0.500        0.956
