2025-08-14 16:54:10,838 - INFO - ✅ Loaded model: gradient_boosting
/usr/local/lib/python3.11/site-packages/sklearn/base.py:376: InconsistentVersionWarning: Trying to unpickle estimator StandardScaler from version 1.6.1 when using version 1.4.0. This might lead to breaking code or invalid results. Use at your own risk. For more info please refer to:
https://scikit-learn.org/stable/model_persistence.html#security-maintainability-limitations
  warnings.warn(
2025-08-14 16:54:10,840 - ERROR - ❌ Error loading ../models/logistic_regression.pkl: Can't get attribute '_RemainderColsList' on <module 'sklearn.compose._column_transformer' from '/usr/local/lib/python3.11/site-packages/sklearn/compose/_column_transformer.py'>
2025-08-14 16:54:10,840 - ERROR - ❌ Error loading ../models/random_forest.pkl: Can't get attribute '_RemainderColsList' on <module 'sklearn.compose._column_transformer' from '/usr/local/lib/python3.11/site-packages/sklearn/compose/_column_transformer.py'>
2025-08-14 16:54:10,840 - INFO - ✅ Loaded DoHXP rule-based model from ../models/dohxp_model.json
2025-08-14 16:54:10,841 - INFO - 📊 Loading data: /app/captured/output.only_172.18.0.5.csv
2025-08-14 16:54:10,871 - INFO - 📊 Features used: 31/31
2025-08-14 16:54:10,871 - INFO - 📊 === PREDICTIONS ===
2025-08-14 16:54:10,874 - INFO - 🤖 GRADIENT_BOOSTING:
2025-08-14 16:54:10,874 - INFO -    - Benign: 0
2025-08-14 16:54:10,874 - INFO -    - Malicious: 17
2025-08-14 16:54:10,874 - INFO -    - Threshold applied: 0.500
2025-08-14 16:54:10,874 - INFO -    - Avg confidence: 1.000
2025-08-14 16:54:10,875 - INFO - 🤖 DOHXP:
2025-08-14 16:54:10,875 - INFO -    - Benign: 0
2025-08-14 16:54:10,875 - INFO -    - Malicious: 17
2025-08-14 16:54:10,875 - INFO -    - Threshold applied: 0.500
2025-08-14 16:54:10,875 - INFO -    - Avg confidence: 0.924
2025-08-14 16:54:10,875 - INFO - 
📊 === SUMMARY OF PREDICTIONS ===

Model                      Benign    Malicious      Total Threshold   Confidence
--------------------------------------------------------------------------------
gradient_boosting               0           17         17    0.500        1.000
dohxp                           0           17         17    0.500        0.924
