2025-08-15 08:19:12,821 - ERROR - Error loading ../models/gradient_boosting.pkl: Can't get attribute '__pyx_unpickle_CyHalfBinomialLoss' on <module 'sklearn._loss._loss' from '/usr/local/lib/python3.11/site-packages/sklearn/_loss/_loss.cpython-311-x86_64-linux-gnu.so'>
2025-08-15 08:19:12,827 - INFO - Loaded model: logistic_regression
2025-08-15 08:19:12,935 - INFO - Loaded model: random_forest
2025-08-15 08:19:12,935 - INFO - Loaded DoHXP rule-based model from ../models/dohxp_model.json
2025-08-15 08:19:12,935 - INFO - Loading data: /app/captured/output.only_172.18.0.5.csv
2025-08-15 08:19:12,949 - INFO - Features used: 31/31
2025-08-15 08:19:12,949 - INFO - === PREDICTIONS ===
2025-08-15 08:19:12,957 - INFO - 🤖 LOGISTIC_REGRESSION:
2025-08-15 08:19:12,958 - INFO -    - Benign: 6
2025-08-15 08:19:12,958 - INFO -    - Malicious: 0
2025-08-15 08:19:12,958 - INFO -    - Threshold applied: 0.957
2025-08-15 08:19:12,958 - INFO -    - Avg confidence: 0.994
2025-08-15 08:19:12,990 - INFO - 🤖 RANDOM_FOREST:
2025-08-15 08:19:12,990 - INFO -    - Benign: 0
2025-08-15 08:19:12,990 - INFO -    - Malicious: 6
2025-08-15 08:19:12,990 - INFO -    - Threshold applied: 0.209
2025-08-15 08:19:12,990 - INFO -    - Avg confidence: 0.674
2025-08-15 08:19:12,991 - INFO - 🤖 DOHXP:
2025-08-15 08:19:12,991 - INFO -    - Benign: 0
2025-08-15 08:19:12,991 - INFO -    - Malicious: 6
2025-08-15 08:19:12,991 - INFO -    - Threshold applied: 0.500
2025-08-15 08:19:12,991 - INFO -    - Avg confidence: 0.600
2025-08-15 08:19:12,991 - INFO - 
=== SUMMARY OF PREDICTIONS ===

Model                      Benign    Malicious      Total Threshold   Confidence
--------------------------------------------------------------------------------
logistic_regression             6            0          6    0.957        0.994
random_forest                   0            6          6    0.209        0.674
dohxp                           0            6          6    0.500        0.600
