2025-08-14 17:19:10,267 - ERROR - Error loading ../models/gradient_boosting.pkl: Can't get attribute '__pyx_unpickle_CyHalfBinomialLoss' on <module 'sklearn._loss._loss' from '/usr/local/lib/python3.11/site-packages/sklearn/_loss/_loss.cpython-311-x86_64-linux-gnu.so'>
2025-08-14 17:19:10,274 - INFO - Loaded model: logistic_regression
2025-08-14 17:19:10,374 - INFO - Loaded model: random_forest
2025-08-14 17:19:10,375 - INFO - Loaded DoHXP rule-based model from ../models/dohxp_model.json
2025-08-14 17:19:10,375 - INFO - Loading data: /app/captured/output.only_172.18.0.5.csv
2025-08-14 17:19:10,389 - INFO - Features used: 31/31
2025-08-14 17:19:10,389 - INFO - === PREDICTIONS ===
2025-08-14 17:19:10,397 - INFO - 🤖 LOGISTIC_REGRESSION:
2025-08-14 17:19:10,397 - INFO -    - Benign: 40
2025-08-14 17:19:10,397 - INFO -    - Malicious: 0
2025-08-14 17:19:10,397 - INFO -    - Threshold applied: 0.957
2025-08-14 17:19:10,397 - INFO -    - Avg confidence: 0.990
2025-08-14 17:19:10,427 - INFO - 🤖 RANDOM_FOREST:
2025-08-14 17:19:10,427 - INFO -    - Benign: 0
2025-08-14 17:19:10,427 - INFO -    - Malicious: 40
2025-08-14 17:19:10,427 - INFO -    - Threshold applied: 0.209
2025-08-14 17:19:10,427 - INFO -    - Avg confidence: 0.663
2025-08-14 17:19:10,429 - INFO - 🤖 DOHXP:
2025-08-14 17:19:10,429 - INFO -    - Benign: 0
2025-08-14 17:19:10,429 - INFO -    - Malicious: 40
2025-08-14 17:19:10,429 - INFO -    - Threshold applied: 0.500
2025-08-14 17:19:10,429 - INFO -    - Avg confidence: 0.600
2025-08-14 17:19:10,429 - INFO - 
=== SUMMARY OF PREDICTIONS ===

Model                      Benign    Malicious      Total Threshold   Confidence
--------------------------------------------------------------------------------
logistic_regression            40            0         40    0.957        0.990
random_forest                   0           40         40    0.209        0.663
dohxp                           0           40         40    0.500        0.600
