2025-08-15 08:36:13,409 - ERROR - Error loading ../models/gradient_boosting.pkl: Can't get attribute '__pyx_unpickle_CyHalfBinomialLoss' on <module 'sklearn._loss._loss' from '/usr/local/lib/python3.11/site-packages/sklearn/_loss/_loss.cpython-311-x86_64-linux-gnu.so'>
2025-08-15 08:36:13,415 - INFO - Loaded model: logistic_regression
2025-08-15 08:36:13,534 - INFO - Loaded model: random_forest
2025-08-15 08:36:13,535 - INFO - Loaded DoHXP rule-based model from ../models/dohxp_model.json
2025-08-15 08:36:13,535 - INFO - Loading data: /app/captured/output.only_172.18.0.5.csv
2025-08-15 08:36:13,548 - INFO - Features used: 31/31
2025-08-15 08:36:13,548 - INFO - === PREDICTIONS ===
2025-08-15 08:36:13,556 - INFO - 🤖 LOGISTIC_REGRESSION:
2025-08-15 08:36:13,556 - INFO -    - Benign: 1
2025-08-15 08:36:13,556 - INFO -    - Malicious: 0
2025-08-15 08:36:13,556 - INFO -    - Threshold applied: 0.957
2025-08-15 08:36:13,556 - INFO -    - Avg confidence: 0.996
2025-08-15 08:36:13,586 - INFO - 🤖 RANDOM_FOREST:
2025-08-15 08:36:13,586 - INFO -    - Benign: 1
2025-08-15 08:36:13,586 - INFO -    - Malicious: 0
2025-08-15 08:36:13,586 - INFO -    - Threshold applied: 0.209
2025-08-15 08:36:13,586 - INFO -    - Avg confidence: 0.980
2025-08-15 08:36:13,586 - INFO - 🤖 DOHXP:
2025-08-15 08:36:13,587 - INFO -    - Benign: 0
2025-08-15 08:36:13,587 - INFO -    - Malicious: 1
2025-08-15 08:36:13,587 - INFO -    - Threshold applied: 0.500
2025-08-15 08:36:13,587 - INFO -    - Avg confidence: 1.000
2025-08-15 08:36:13,587 - INFO - 
=== SUMMARY OF PREDICTIONS ===

Model                      Benign    Malicious      Total Threshold   Confidence
--------------------------------------------------------------------------------
logistic_regression             1            0          1    0.957        0.996
random_forest                   1            0          1    0.209        0.980
dohxp                           0            1          1    0.500        1.000
