2025-08-15 10:55:24,056 - ERROR - Error loading ../models/gradient_boosting.pkl: Can't get attribute '__pyx_unpickle_CyHalfBinomialLoss' on <module 'sklearn._loss._loss' from '/usr/local/lib/python3.11/site-packages/sklearn/_loss/_loss.cpython-311-x86_64-linux-gnu.so'>
2025-08-15 10:55:24,063 - INFO - Loaded model: logistic_regression
2025-08-15 10:55:24,187 - INFO - Loaded model: random_forest
2025-08-15 10:55:24,187 - INFO - Loaded DoHXP rule-based model from ../models/dohxp_model.json
2025-08-15 10:55:24,187 - INFO - Loading data: /app/captured/output.only_172.18.0.5.csv
2025-08-15 10:55:24,202 - INFO - Features used: 31/31
2025-08-15 10:55:24,202 - INFO - === PREDICTIONS ===
2025-08-15 10:55:24,210 - INFO - 🤖 LOGISTIC_REGRESSION:
2025-08-15 10:55:24,210 - INFO -    - Benign: 1
2025-08-15 10:55:24,211 - INFO -    - Malicious: 0
2025-08-15 10:55:24,211 - INFO -    - Threshold applied: 0.957
2025-08-15 10:55:24,211 - INFO -    - Avg confidence: 0.996
2025-08-15 10:55:24,242 - INFO - 🤖 RANDOM_FOREST:
2025-08-15 10:55:24,242 - INFO -    - Benign: 1
2025-08-15 10:55:24,242 - INFO -    - Malicious: 0
2025-08-15 10:55:24,242 - INFO -    - Threshold applied: 0.209
2025-08-15 10:55:24,242 - INFO -    - Avg confidence: 0.980
2025-08-15 10:55:24,243 - INFO - 🤖 DOHXP:
2025-08-15 10:55:24,243 - INFO -    - Benign: 0
2025-08-15 10:55:24,243 - INFO -    - Malicious: 1
2025-08-15 10:55:24,243 - INFO -    - Threshold applied: 0.500
2025-08-15 10:55:24,243 - INFO -    - Avg confidence: 1.000
2025-08-15 10:55:24,243 - INFO - 
=== SUMMARY OF PREDICTIONS ===

Model                      Benign    Malicious      Total Threshold   Confidence
--------------------------------------------------------------------------------
logistic_regression             1            0          1    0.957        0.996
random_forest                   1            0          1    0.209        0.980
dohxp                           0            1          1    0.500        1.000
