[client] Démarrage quick_test: low_speed.json
Starting DoH exfiltration: /app/test_data/image.png
Configuration: Server: https://doh.local/dns-query, Chunk: 15, Encoding: base32, Timing: random
Checking DoH server connectivity...
Testing server: https://doh.local/dns-query
Attempt 1/10...
DoH server connectivity verified with google.com
Server ready for exfiltration!
Chunk size calculation:
   File size: 6,918 bytes
   Strategy: medium file
   Optimal chunk size: 30 chars
   Estimated chunks: 323
   Estimated time: 807.5s
Chunk size: 15 → 30 (auto-adjusted)
🗜️  Compressed: 6918 -> 6165 bytes
Chunk size calculation:
   File size: 6,165 bytes
   Strategy: medium file
   Optimal chunk size: 30 chars
   Estimated chunks: 288
   Estimated time: 720.0s
Encoded with base32: 9864 chars
File size: 6918 bytes
Prepared data size: 9864 bytes
Total chunks: 329

Starting chunk transmission...
Session ID: 1755185966_4d9jwine
Estimated transmission time: 1645.0s
Chunk utilization: 100.0%
[  1/329] Sent chunk: 17551859-0000-0329-D6FQQABOAOPGQAX75WM7KV2ULW4MPT....
[  2/329] Sent chunk: 17551859-0001-0329-YMIOL5EIBBFERCKIBBZAIIENAG3WEB....
[  3/329] Sent chunk: 17551859-0002-0329-EURDDXFAYIKIO7D2BKEIECQHICADJA....
[  4/329] Sent chunk: 17551859-0003-0329-ETQDBJEWRXIIZ5YSODX375G7XH3VW2....
[  5/329] Sent chunk: 17551859-0004-0329-5PZ4I7V6M7X3LTW27ODR26675APD2D....
[  6/329] Sent chunk: 17551859-0005-0329-IXBUAAB5F2HJ3R6AQACT4G6UERSHIP....
[  7/329] Sent chunk: 17551859-0006-0329-KQNIR4CDEXYNLUJSUKVKTE74M6CSJC....
[  8/329] Sent chunk: 17551859-0007-0329-G5BMPUAUAN4P77BXEAG5P7LZJJFU2P....
[  9/329] Sent chunk: 17551859-0008-0329-ZPBO7ENXWNP2BI6PKMQDAMCQ2LG4XX....
[ 10/329] Sent chunk: 17551859-0009-0329-OXZEI7CVGS3PDSK723QWF2I6T437AE....
[ 11/329] Sent chunk: 17551859-0010-0329-ICYEIHQP73P75X7ZRGK754HCJYO456....
[ 12/329] Sent chunk: 17551859-0011-0329-Q5CIYAAISYHEKTKBJFDU6Q2LITGMC6....
[ 13/329] Sent chunk: 17551859-0012-0329-XLGMJTGCZLDM5QOJOWCZXB4X54VL7A....
[ 14/329] Sent chunk: 17551859-0013-0329-FASCYMQNOR5NRDPRBFESS2I36KZDFN....
[ 15/329] Sent chunk: 17551859-0014-0329-3ESXKBKLVLNMOJDRLLVGV2QXSV2L7O....
[ 16/329] Sent chunk: 17551859-0015-0329-PI5LU6X2A2DEPR7UDQ6H4ZTCNJSW2Y....
[ 17/329] Sent chunk: 17551859-0016-0329-LJM5XWG23E5TQPTWPLVOZYXK63GN3Q....
[ 18/329] Sent chunk: 17551859-0017-0329-6TZMN7DXGH27HT6IBQFA4CJ5GFZMYC....
[ 19/329] Sent chunk: 17551859-0018-0329-IKR4EIZOUVLUZTV5ROHYQTCKJZEU2S....
[ 20/329] Sent chunk: 17551859-0019-0329-2PJDGMVTWJZXF47SBMEITU6GN3OJPP....
[ 21/329] Sent chunk: 17551859-0020-0329-3Z7SR7KY62U3ZYTTMVK7LF5PGW2XL5....
[ 22/329] Sent chunk: 17551859-0021-0329-INRVG42LNN37NNUMI5LXP3W6327P5H....
[ 23/329] Sent chunk: 17551859-0022-0329-6DAMB364IDXDIZDMPRRHEZ7U2TOPZT....
[ 24/329] Sent chunk: 17551859-0023-0329-HP3HWH7743XMFYWS6LFOVWWG43LPNT....
[ 25/329] Sent chunk: 17551859-0024-0329-7NXW777A6DUPRBDQPJ3H4QIM7GGFIB....
[ 26/329] Sent chunk: 17551859-0025-0329-QAWZQN3O7KEZA5GW4FQTEOJJOT3YOU....
[ 27/329] Sent chunk: 17551859-0026-0329-W6XHERYU2R5BOVXCXXP6FTG2YPU7R5....
[ 28/329] Sent chunk: 17551859-0027-0329-62F7GWHJHLIPAZTT2NI7YK6TVI67GE....
[ 29/329] Sent chunk: 17551859-0028-0329-QS235PTTTLL6JUKVPLHLD4J2OYFD5S....
[ 30/329] Sent chunk: 17551859-0029-0329-JYZ53WV5UDIP3PQ2DW4DWJBXPG7AYE....
[ 31/329] Sent chunk: 17551859-0030-0329-J5TYEV4HXJMZOM7UWL5W37NVXV3YPY....
[ 32/329] Sent chunk: 17551859-0031-0329-X4BZ5RGDC3SQBTMGYZB7ZUOP4GP72Q....
Progress: 9.7% (32/329) - ETA: 864.5s
[ 33/329] Sent chunk: 17551859-0032-0329-BGHNLPRRMA4I3LXZOWBHAZFFSZ34DN....
[ 34/329] Sent chunk: 17551859-0033-0329-OKQX4PSULBAKYTX2PZNJVE3VG45XSX....
[ 35/329] Sent chunk: 17551859-0034-0329-R3TGHIS7XBFGLN2N67ES4MML6PJPRD....
[ 36/329] Sent chunk: 17551859-0035-0329-V7XJ6A7PUXLEWSLWJRUXLFBUJXCDLF....
[ 37/329] Sent chunk: 17551859-0036-0329-SFN7CGRLG3C4XGDETHL7CCOJCQJXPQ....
[ 38/329] Sent chunk: 17551859-0037-0329-IKSH5C46F3EB75XGKLRTCQD3VHQT6R....
[ 39/329] Sent chunk: 17551859-0038-0329-ZTW5I4D2VZFOHXMV2P24F4YR6WOFE4....
[ 40/329] Sent chunk: 17551859-0039-0329-MMWHL2UHXED63ZNLXZNYI4V7AFUVD5....
[ 41/329] Sent chunk: 17551859-0040-0329-VE6KSGXUJSS7SRH47LBONX3353C32P....
[ 42/329] Sent chunk: 17551859-0041-0329-IPTMX6AR7JHZDWBSKLW6B6SVQJ7PBA....
[ 43/329] Sent chunk: 17551859-0042-0329-O2EXOSI264B6KPFBTDOI2454J2IHEO....
[ 44/329] Sent chunk: 17551859-0043-0329-B3RSPG32JH3CSLYEV56PPZNGRIN23D....
[ 45/329] Sent chunk: 17551859-0044-0329-AO2TXVKSNRSPCXNSFSRC5KW4BB5BKW....
[ 46/329] Sent chunk: 17551859-0045-0329-GNSK5YEOY7M5DZXZKWWXCNRYEQOHCU....
[ 47/329] Sent chunk: 17551859-0046-0329-7EOIH25YX32D2VXWG2LCVM7KJBV77O....
[ 48/329] Sent chunk: 17551859-0047-0329-LGOAIJGDYSNZF56MMLVZWUH6PTOAU3....
[ 49/329] Sent chunk: 17551859-0048-0329-2F4GVMQDOZYMUFGJ6IOVIMMYR5OPPR....
[ 50/329] Sent chunk: 17551859-0049-0329-YOPL3XDNPFAYNV6V2M542RIND7TL5P....
[ 51/329] Sent chunk: 17551859-0050-0329-JSLHVZQOMQO54ILQ3ZSJFHX3TA67LM....
[ 52/329] Sent chunk: 17551859-0051-0329-DXHMEQWZTPJO6A3AWL2XNJ5FTP2KY3....
[ 53/329] Sent chunk: 17551859-0052-0329-TM4W6XHSEIGC5OI6PDVQLG7XYBSEBD....
[ 54/329] Sent chunk: 17551859-0053-0329-45J7ODPWPJY7LBM555XDNWJYVZQXOJ....
[ 55/329] Sent chunk: 17551859-0054-0329-O5VPHAPMWZEEHJ2DR6XEOTI7FCSSBZ....
[ 56/329] Sent chunk: 17551859-0055-0329-SF67MLRMZCILFKCDZELZHCKBN7BB47....
[ 57/329] Sent chunk: 17551859-0056-0329-O7HEV65PDC246N3QCWAHV7PSLAYKM5....
[ 58/329] Sent chunk: 17551859-0057-0329-IBRZW3QTT5TQYCP3NBEUJKZNY446UB....
[ 59/329] Sent chunk: 17551859-0058-0329-AJGR5YYUTCHJ65S4B3SYJVQCL3F3JI....
[ 60/329] Sent chunk: 17551859-0059-0329-KZNGNPXY6U6NCWHDYLBTQZL346N552....
[ 61/329] Sent chunk: 17551859-0060-0329-HXS6B6CUFBEABPV4XVTK6GNE73RM5R....
[ 62/329] Sent chunk: 17551859-0061-0329-JWY7SJMPO4F5MMJAH5VOCI32SBJBQM....
[ 63/329] Sent chunk: 17551859-0062-0329-GC634UF4MOBJFS4OZ7643ONAHBZPUM....
[ 64/329] Sent chunk: 17551859-0063-0329-HUMWE35TE2XDDD3Z4DVDW77POZ2VLV....
Progress: 19.5% (64/329) - ETA: 724.9s
[ 65/329] Sent chunk: 17551859-0064-0329-GLJRTSCXW3PJSVLVLBNXKNJ5XPVEGX....
[ 66/329] Sent chunk: 17551859-0065-0329-L5RC2YL4W25B7LK2APYE4P3GPVOUYO....
[ 67/329] Sent chunk: 17551859-0066-0329-43EZG5BFLCJ3F52J5VNMT6Y532J4YS....
[ 68/329] Sent chunk: 17551859-0067-0329-B3B2CFHOM5YLRYZNYGMGRCUVBO4KFG....
[ 69/329] Sent chunk: 17551859-0068-0329-LBLR3SG2WWKO26WLT7YW5WIT5SMJTM....
[ 70/329] Sent chunk: 17551859-0069-0329-CBTX64NP5HX73NM7VRJGDLMZR534NZ....
[ 71/329] Sent chunk: 17551859-0070-0329-QVK6XE5LNOUAF4EB3SFJLEVIO66ZJI....
[ 72/329] Sent chunk: 17551859-0071-0329-LKZCQEZY2Z4UTY2DPDQDSZCF5AF27O....
[ 73/329] Sent chunk: 17551859-0072-0329-B4GDCZPQDGMNY242JO4SJV4CO3T6ZK....
[ 74/329] Sent chunk: 17551859-0073-0329-67SXJMYKWSHQPMFT4O6ARXCLKLDMVG....
[ 75/329] Sent chunk: 17551859-0074-0329-PFFVOPRGCOLTS3MHV2PTUMX64X4WMR....
[ 76/329] Sent chunk: 17551859-0075-0329-622GYDG236EGS67W5THLY2V2OT6GG3....
[ 77/329] Sent chunk: 17551859-0076-0329-CD5OTCSDZDBLTOG7V4LV7F6LBEKHLY....
[ 78/329] Sent chunk: 17551859-0077-0329-ZUA4JWYZVVNGK7ATOO3JYZDISUSUQR....
[ 79/329] Sent chunk: 17551859-0078-0329-KZ76SBT6ZNHPPGC6HZSRJHJT2FFZ7E....
[ 80/329] Sent chunk: 17551859-0079-0329-OZTK5FF4VTEVW2CWNN2BF7HUSVIRLJ....
[ 81/329] Sent chunk: 17551859-0080-0329-Z2M2LWPJHYCH422JNUW5UKQRZNF5F2....
[ 82/329] Sent chunk: 17551859-0081-0329-Y73LVACFDPKPVWL3XLAFMW6UXLX4NE....
[ 83/329] Sent chunk: 17551859-0082-0329-JA3JE5CTGVRSJ4J54PELK6O5NN5GQZ....
[ 84/329] Sent chunk: 17551859-0083-0329-YEJS2PB5EFGQ3SMJETJIEGTRIHTVTG....
[ 85/329] Sent chunk: 17551859-0084-0329-E4F4D4H2WU4LXNUMJOUFDV4SN4CVSC....
[ 86/329] Sent chunk: 17551859-0085-0329-BIQ5WS3Z576RHILESYPHA3AN46SRZD....
[ 87/329] Sent chunk: 17551859-0086-0329-RZ63KSKA5UTZV2ZJDL6IURMQ223TZM....
[ 88/329] Sent chunk: 17551859-0087-0329-5CCQMMEQPEPEKVOOJDRVAJYHQBTS4V....
[ 89/329] Sent chunk: 17551859-0088-0329-IS4YCF7UZ23SYO7XPFYZULMXBOSS22....
[ 90/329] Sent chunk: 17551859-0089-0329-JFNKX6BQQ7B4GWXNFYRFYKAKCJBRLJ....
[ 91/329] Sent chunk: 17551859-0090-0329-GBUSJNPAL3BXHIAA64I2FW5KY5AYND....
[ 92/329] Sent chunk: 17551859-0091-0329-W3AFY3CWC4G5JLK4CX24VSNIPITWX4....
[ 93/329] Sent chunk: 17551859-0092-0329-VUEIQYQE3P2NBZIOTQNAPNNLKLJ6HL....
[ 94/329] Sent chunk: 17551859-0093-0329-QIWHRMR6SH5KRIAQTRPC6W7ZD5YCFM....
[ 95/329] Sent chunk: 17551859-0094-0329-IUINKFQA5JZWWOLCJJLZUG6XSNT43W....
[ 96/329] Sent chunk: 17551859-0095-0329-2XRS7AGIG4NHOEKYIRMFDWLBWYMQEH....
Progress: 29.2% (96/329) - ETA: 640.3s
[ 97/329] Sent chunk: 17551859-0096-0329-UY4EX7CF3HMUWCUUIT6OABVKLSXMUB....
[ 98/329] Sent chunk: 17551859-0097-0329-EBQY7BGDLQ6PPBHB2NBFL7JRLMQRWE....
[ 99/329] Sent chunk: 17551859-0098-0329-PGFAR4SEOF4ELPW4SXKMEQU2OIT2BE....
[100/329] Sent chunk: 17551859-0099-0329-CSDEPOCIKUNJYWDOTE2A53JK7FLA3G....
Progress: 30.4% (100/329) - ETA: 641.3s
[101/329] Sent chunk: 17551859-0100-0329-BEDQNVOOGZO2FVMA4WJJOR5SPRSBDZ....
[102/329] Sent chunk: 17551859-0101-0329-62J4GIM7KIOOZGQYIOO6TF3YA34TIG....
[103/329] Sent chunk: 17551859-0102-0329-USWS3Q5VBSAJQRCD4GAUIFB6EIZIAS....
[104/329] Sent chunk: 17551859-0103-0329-JR3TUQGKYAHJ4Y6MG6PWAGX2LQIS26....
[105/329] Sent chunk: 17551859-0104-0329-YLZKB4S4RNUMOFQZ2R4OJMHE5MEMVY....
[106/329] Sent chunk: 17551859-0105-0329-XLPEVVBQZGWJQYMIO76CAFTSDK6RZJ....
[107/329] Sent chunk: 17551859-0106-0329-HGWCGZYKBOLPKPGBOCCESPNKIC4UAF....
[108/329] Sent chunk: 17551859-0107-0329-RRE57FAKAQ776FQXFIAL2OQU6WPAAH....
[109/329] Sent chunk: 17551859-0108-0329-6WFCIJ56ZCAJCIOJMU62O5EQEDE3TX....
[110/329] Sent chunk: 17551859-0109-0329-543LRX2EXTTVNW3XYGB4CAERWFYGJA....
[111/329] Sent chunk: 17551859-0110-0329-Q2CD6QU734OWDPOGUIKLLPI43PY5CO....
[112/329] Sent chunk: 17551859-0111-0329-3LZ6VWZRRZOB24P4BBSMOKZ4MZEW4P....
[113/329] Sent chunk: 17551859-0112-0329-E2R3GNV66CTXB7PQUUUL47IQ5PR7HH....
[114/329] Sent chunk: 17551859-0113-0329-OP5BE4ALEPDLV3QEQZQIMUN45VPG3L....
[115/329] Sent chunk: 17551859-0114-0329-XBH53KNNJAWIJ5QCYUX5UZOYEODC67....
[116/329] Sent chunk: 17551859-0115-0329-QYP3O35PHSTCRBFQ2DOT4ZLZ7JHVPU....
[117/329] Sent chunk: 17551859-0116-0329-4WTVOJA3QYYZRHVYKTCC5Q7EHJZPUA....
[118/329] Sent chunk: 17551859-0117-0329-AO2NPXBCLP2R4B5VRJDK3PDE6JIKKF....
[119/329] Sent chunk: 17551859-0118-0329-SAOESU3DD3W43VEM3GRO53LFB63P3A....
[120/329] Sent chunk: 17551859-0119-0329-XEH7BXO2AUZQTEDYVFJCLMTBKWJHBQ....
[121/329] Sent chunk: 17551859-0120-0329-TGF2VZDA6UWEMJUSPLM6PGBFJVHSPM....
[122/329] Sent chunk: 17551859-0121-0329-2RIUCZAVNSLS6QW535GU7LU6EF2H3E....
[123/329] Sent chunk: 17551859-0122-0329-UUTPAIPV2YO4QW5R5RXBE4QNIUP2BQ....
[124/329] Sent chunk: 17551859-0123-0329-GGCSUJ3IIEQOFMCKDLJGTLE6CD6OBE....
[125/329] Sent chunk: 17551859-0124-0329-7IFTTUFZAA66U3S7QIRI52222ZQQSC....
[126/329] Sent chunk: 17551859-0125-0329-7C4KOEN7RHF2NVKU6PN3UC6V64MB6V....
[127/329] Sent chunk: 17551859-0126-0329-Q53CJ36C5HCZKOY6EYE2RTWHCFX35R....
[128/329] Sent chunk: 17551859-0127-0329-EUGEOFWGG5NYVZN7E334Z2YVW7OUZ7....
Progress: 38.9% (128/329) - ETA: 566.0s
[129/329] Sent chunk: 17551859-0128-0329-3TUY5CMZIJRM3R7LS7FAPYFU4AHQYH....
[130/329] Sent chunk: 17551859-0129-0329-ES5ZQJNDPMRG7F5YON4RRMR7GGFQPR....
[131/329] Sent chunk: 17551859-0130-0329-SUGYBG66MMZBA7Y2UI5YNRPPCZZVYK....
[132/329] Sent chunk: 17551859-0131-0329-F3XKJMV3XWG7Z7GT7RX5BTVUUMV5RF....
[133/329] Sent chunk: 17551859-0132-0329-2GKLQSSUO3IS2KJWI4R6LLLMKNFRJ5....
[134/329] Sent chunk: 17551859-0133-0329-NZEDW2PZZVXXR2MSQRGXX54XFKYC3P....
[135/329] Sent chunk: 17551859-0134-0329-7GFX2FKNFZ4CO26ZE7PYC2MRTGI3QP....
[136/329] Sent chunk: 17551859-0135-0329-EJFI4KHMSLRXAYM66U2VI2GF2MYV4O....
[137/329] Sent chunk: 17551859-0136-0329-CDQ5WKODW6SVIDFVR4YN4PHTTE4KAE....
[138/329] Sent chunk: 17551859-0137-0329-TXE566ZAOFQ3QITXDACBMLPT6CGZYO....
[139/329] Sent chunk: 17551859-0138-0329-N5SLOO3WEADO7XXOW5EMMK6F5FFLFV....
[140/329] Sent chunk: 17551859-0139-0329-Y6PIMVS7ADEGOHG2MJPLVXWFKMRCHA....
[141/329] Sent chunk: 17551859-0140-0329-GPM7RR6XOLH3HY7Y7HCDQ5LF3WEVJH....
[142/329] Sent chunk: 17551859-0141-0329-OV6PXEERO2VYKFDBLTL7DNQZWK7LBF....
[143/329] Sent chunk: 17551859-0142-0329-3Y3DITLAJNEZ4RECROTXKWX4M4ZYSY....
[144/329] Sent chunk: 17551859-0143-0329-QLOHLRRVJBQ6TQ62MNZBTMYHUKJVC5....
[145/329] Sent chunk: 17551859-0144-0329-OGQNZVLAUWDIDZ3HGTJEXTDHYJ6JVC....
[146/329] Sent chunk: 17551859-0145-0329-VALTKPNDOOFEQ5GU4F4DPHBHR5W2EN....
[147/329] Sent chunk: 17551859-0146-0329-N43F4NQKHGINLP6TNTLOM3RK25HOFN....
[148/329] Sent chunk: 17551859-0147-0329-3THIPBHM5OFKH537NRSL7CFHVTS6ZW....
[149/329] Sent chunk: 17551859-0148-0329-XLIV3BNXDJWCFHYN4JUKCIWG64756F....
[150/329] Sent chunk: 17551859-0149-0329-TIM42ED7WGISANFCJR4DPX65YCGNN4....
[151/329] Sent chunk: 17551859-0150-0329-QDUR7WOJHOV363RADPWZJU35KQGCVN....
[152/329] Sent chunk: 17551859-0151-0329-AULYYI6DY5MOYDSVHWDFXAFNPCOPKS....
[153/329] Sent chunk: 17551859-0152-0329-LCO5MMW4DV6TVGIPZROIYPW622NZOG....
[154/329] Sent chunk: 17551859-0153-0329-3P74E3HWCB75PJIPC4FI7D63T44FEV....
[155/329] Sent chunk: 17551859-0154-0329-EMNRLOXPI33OEL5AWOZULYIJW6TBCS....
[156/329] Sent chunk: 17551859-0155-0329-34IFOBH5XU3M3BUCLGA3WL6QBZDM6J....
[157/329] Sent chunk: 17551859-0156-0329-KSAEANBHD7DD3GC5MKIJ63R7QU274Q....
[158/329] Sent chunk: 17551859-0157-0329-M76VYPJBEQ4PNS3ZV7BB3SAL5PO3NS....
[159/329] Sent chunk: 17551859-0158-0329-FWF3F3FA2UJXRBS3JAO52NKYYWFJAC....
[160/329] Sent chunk: 17551859-0159-0329-FXIPHYWV3ETMVJ5QPXCXAYYMBY4ZNU....
Progress: 48.6% (160/329) - ETA: 484.3s
[161/329] Sent chunk: 17551859-0160-0329-FRNQ6HKXRFARQCFF2ZG7DFMVSNEO6N....
[162/329] Sent chunk: 17551859-0161-0329-VROR6DXYWTH3NGVXGS7GRYE5ZONFO2....
[163/329] Sent chunk: 17551859-0162-0329-F32PGZKF3OQXNDLKQEIDUBJHQJ2YLY....
[164/329] Sent chunk: 17551859-0163-0329-22Q4EXVMAAMZRPW5BTHPLRMZFZKTED....
[165/329] Sent chunk: 17551859-0164-0329-DEYMKZLUHVKQMMNWL3GJURS6RGNCRV....
[166/329] Sent chunk: 17551859-0165-0329-L5BVNNP7VWXQHRWNJDPYB5EZNTN5OE....
[167/329] Sent chunk: 17551859-0166-0329-LRICKZKAUXFZVHEYIL2CQ2MBLB6YFJ....
[168/329] Sent chunk: 17551859-0167-0329-IHBUZ3HEFWDVCBBWLTZXQJSMCZL22D....
[169/329] Sent chunk: 17551859-0168-0329-IYIWAREQIVYZRLLXMSZYYIAT7YOTEP....
[170/329] Sent chunk: 17551859-0169-0329-CQHVQXZVDEQFTTACWWXCDF5J5OXCVP....
[171/329] Sent chunk: 17551859-0170-0329-4KGRLSLIYCP7CGUXPSKCEPQQHF4TYU....
[172/329] Sent chunk: 17551859-0171-0329-XDKYV43XBBPO266ZCZYVQF6LZRI7VD....
[173/329] Sent chunk: 17551859-0172-0329-S3DJB37VUSZ7UNMMEUEOLC4R7WYHLB....
[174/329] Sent chunk: 17551859-0173-0329-TPWHAFAIZG3MYQ2HIJG7V66GVHNJNF....
[175/329] Sent chunk: 17551859-0174-0329-MUZDJCD4OZNLH2KTWWTBH6QYNKAX4C....
[176/329] Sent chunk: 17551859-0175-0329-G4I72SE4UZ42KFAK7FKVBSCCR3GUS5....
[177/329] Sent chunk: 17551859-0176-0329-BV6ZY77IUYBZWDJU7L3JMPJCTDI63U....
[178/329] Sent chunk: 17551859-0177-0329-26SCGQGNLCCZ7JZ6AAHZVGLHWLNSQU....
[179/329] Sent chunk: 17551859-0178-0329-NDMYQPL3CWIZ6LMD45P6ZVTAALJYG3....
[180/329] Sent chunk: 17551859-0179-0329-3I7ST2URSV2GCTIUTQBWJ6FMK5HWEI....
[181/329] Sent chunk: 17551859-0180-0329-DUOD7RV4ZUQMFAXQOCCYOHS2SQDZTT....
[182/329] Sent chunk: 17551859-0181-0329-KWUFIJKXLDJJMHM3O6VQQYVEPIK2D4....
[183/329] Sent chunk: 17551859-0182-0329-6W2OVOQ553MEB6Y5VDDR7DOIFBE5ST....
[184/329] Sent chunk: 17551859-0183-0329-PIYKC725HBFQJQQNRYMCGLYP7CDWGJ....
[185/329] Sent chunk: 17551859-0184-0329-L72DU3LFHFKCSF7QHZ7UJDWLPTNJQA....
[186/329] Sent chunk: 17551859-0185-0329-ZAZ5O2RJB43GN3ESO6VDSJ6OTSNEMT....
[187/329] Sent chunk: 17551859-0186-0329-W73I3L4T6KLJGERHWBAHY5TXTCBKQG....
[188/329] Sent chunk: 17551859-0187-0329-OYHZMCKY6SDXRUB6UDVV2XOQNU3GWV....
[189/329] Sent chunk: 17551859-0188-0329-IPMRHSYKO5HZ7JJ7ULPB23EPSKJNJC....
[190/329] Sent chunk: 17551859-0189-0329-5W2FBXSEZVQW53G45UW6CTACTAQ2EG....
[191/329] Sent chunk: 17551859-0190-0329-HYSGL4XGYLDTDP4WVCXIKYMKLVNG72....
[192/329] Sent chunk: 17551859-0191-0329-7ZLR5D5QQJUOQKYZRJB4EP7CPLW7S3....
Progress: 58.4% (192/329) - ETA: 409.7s
[193/329] Sent chunk: 17551859-0192-0329-JMD7LGKIFZEUWSH4CAC7XNLOR77YJG....
[194/329] Sent chunk: 17551859-0193-0329-X7VD3V7MXMKNKGNNELECSP4FGLSD6W....
[195/329] Sent chunk: 17551859-0194-0329-LYRFVG6IMPWSWXOJJUMANYPBQD54VM....
[196/329] Sent chunk: 17551859-0195-0329-EJBYMHASOJN5R7ZSNESTABSQXWR6NI....
[197/329] Sent chunk: 17551859-0196-0329-DEHF4FT7UGXO43L7W7TH46JFSWKEIJ....
[198/329] Sent chunk: 17551859-0197-0329-5H2QWEVEE2K7WVPP7G2DTGV2VACKEW....
[199/329] Sent chunk: 17551859-0198-0329-4SPPWQMALBBQ3KQJZTWIU4V4YTAOEX....
[200/329] Sent chunk: 17551859-0199-0329-EGPYTOKPH7T76L6G5ZKTFWBEFGCVGB....
Progress: 60.8% (200/329) - ETA: 389.8s
[201/329] Sent chunk: 17551859-0200-0329-QPBNUTBJQH73YWU55GI55S2MBZUCJV....
[202/329] Sent chunk: 17551859-0201-0329-ZVZ4WR42XKNIWNYP5D73SNTYSLVD4I....
[203/329] Sent chunk: 17551859-0202-0329-D4PYUICHZ3QY636YKMY26SF53MGXBS....
[204/329] Sent chunk: 17551859-0203-0329-5UMEVK2V7EZZU4GJEV2PICD5FPSFLO....
[205/329] Sent chunk: 17551859-0204-0329-W7UEWWVZ2SJM5COUTBYDFM2DDEZI3Q....
[206/329] Sent chunk: 17551859-0205-0329-DP4OL5ITS5HWHDJKQ5STOBJMDHOYUE....
[207/329] Sent chunk: 17551859-0206-0329-OURPXSIVZ5G7SOBUZHEWJ27D64XEED....
[208/329] Sent chunk: 17551859-0207-0329-SAFIIX7JW3JH6JQNZYD6ELI62GLBNC....
[209/329] Sent chunk: 17551859-0208-0329-Y2VCEGDH2DCM4S7KFASAOKF73DEZYT....
[210/329] Sent chunk: 17551859-0209-0329-LA55XYCWLMUHWTEZQTEUL23IM3I7DL....
[211/329] Sent chunk: 17551859-0210-0329-MQQNQKVIXFSQ6FR35OHMXGKDXC5GET....
[212/329] Sent chunk: 17551859-0211-0329-LTR5C54AJTMQWGP7TY36E2YSNADLZQ....
[213/329] Sent chunk: 17551859-0212-0329-EYCBZMYMGH7PD2S4C52UDVC4LICKWG....
[214/329] Sent chunk: 17551859-0213-0329-WTL76OPO4VI3AOGR732NQYU6H3ZY5Z....
[215/329] Sent chunk: 17551859-0214-0329-PWKHYPHXKUFUYSZMQCBAUN7V6ADCOS....
[216/329] Sent chunk: 17551859-0215-0329-BL2UPSW72J7WO6KWJF76SZV4UNDAH7....
[217/329] Sent chunk: 17551859-0216-0329-TD4VFTJMHEUKPJILJST62UZDX3B6WT....
[218/329] Sent chunk: 17551859-0217-0329-EZKCGTNE6M7A4HAVSRDDRHBJL7BPLP....
[219/329] Sent chunk: 17551859-0218-0329-QFZNF4LKFHVFM52A3QYJMZ6BEBJ664....
[220/329] Sent chunk: 17551859-0219-0329-W4CGQX2BLNO2OUZK4GHGHRFEQPPU6S....
[221/329] Sent chunk: 17551859-0220-0329-E4J2JHY42ED763A2UATZM23DRDJCOX....
[222/329] Sent chunk: 17551859-0221-0329-VXWQCPFUSLVAIT7YFXZQBY2ZAGQZQI....
[223/329] Sent chunk: 17551859-0222-0329-2S7QDPNHHOTLU2FY7INTPPDOKLF4TH....
[224/329] Sent chunk: 17551859-0223-0329-EAI3QDSQJXD3PGFOEM5VLDEZ6B4UXP....
Progress: 68.1% (224/329) - ETA: 314.8s
[225/329] Sent chunk: 17551859-0224-0329-H2QW4TD6QUEV6AD25LA3HT4USWZIBF....
[226/329] Sent chunk: 17551859-0225-0329-PT2H4UYCT4RDHQ3SBWUF2CHEYC6VZM....
[227/329] Sent chunk: 17551859-0226-0329-GBGKPUAH5NQCG4WX2RBBBST2KLVMST....
[228/329] Sent chunk: 17551859-0227-0329-CZBJTUQD66EEKZG6CEVX2XARRHI2SM....
[229/329] Sent chunk: 17551859-0228-0329-7OEBWODCKJFAHLS5RTVH7OVITFMNJB....
[230/329] Sent chunk: 17551859-0229-0329-WODYMH7TVEXS5J4YOLIN4OXUMBN2VE....
[231/329] Sent chunk: 17551859-0230-0329-BDEAMWREWEDJH6V6D52T63B6JTMTLP....
[232/329] Sent chunk: 17551859-0231-0329-7CH3IH7VVOJOHB7IHQK23BXCPI76WN....
[233/329] Sent chunk: 17551859-0232-0329-7HCLEN6RID24KRG52N57T4YSYVFWZ5....
[234/329] Sent chunk: 17551859-0233-0329-YOI7BXRCCTR7MAFFWLOUG4HWTUSVNX....
[235/329] Sent chunk: 17551859-0234-0329-DMRNPWLEKI2MFCXAB6LLFPB4WT7TDG....
[236/329] Sent chunk: 17551859-0235-0329-ONGB6GQ2MYB6REKRVML2AC7LYF56OQ....
[237/329] Sent chunk: 17551859-0236-0329-XP3A6QGGSBDJLIKQPHCQOIGHG5N3UM....
[238/329] Sent chunk: 17551859-0237-0329-KFVP43ZRWIWU7NM34EBW2ZVPS2D5OJ....
[239/329] Sent chunk: 17551859-0238-0329-AMGBA3ENG36JE65ZC3XZHT7IGGJZRV....
[240/329] Sent chunk: 17551859-0239-0329-N3OSD3R6F453ZJXV6VC47E3LUFMO6J....
[241/329] Sent chunk: 17551859-0240-0329-QXNCKW3NWTSKNGXEAKHGAVS6NTDKXB....
[242/329] Sent chunk: 17551859-0241-0329-6YD4XG6V2EKIW627EBL7S25TN2VWPW....
[243/329] Sent chunk: 17551859-0242-0329-NYBNHSDAVMJTOWKCQT7VZEQ4P6BQWD....
[244/329] Sent chunk: 17551859-0243-0329-RNVNAXYMOTEKVVLC4YGOMWCE65QJMA....
[245/329] Sent chunk: 17551859-0244-0329-XEVOGOGTKH64JZP5H6R6CS2GLEGEFA....
[246/329] Sent chunk: 17551859-0245-0329-EHXCKTPBKT4Q7WZJLC4TXXYTHOBUUA....
[247/329] Sent chunk: 17551859-0246-0329-3CT4P7Q5XVK3UKQDREN3TFHWLZJPDE....
[248/329] Sent chunk: 17551859-0247-0329-WRBSV3YVMLIEVZR767JJAEKRH3OFOG....
[249/329] Sent chunk: 17551859-0248-0329-ADK5T7CXLXWRQRXA4WU3IZA5NHLIFQ....
[250/329] Sent chunk: 17551859-0249-0329-4AQW6EZH52DXGQJPB4RCGSCYWRUMNU....
[251/329] Sent chunk: 17551859-0250-0329-LBRJRKFLUGRM4MFFMLHSLNICK2IKSM....
[252/329] Sent chunk: 17551859-0251-0329-YQEGYQ7IHJYYAQFDXKDLAC5M7JEJUD....
[253/329] Sent chunk: 17551859-0252-0329-MLZNJ366S5Z5FLUGRFCDRRTSCIWSKV....
[254/329] Sent chunk: 17551859-0253-0329-HINGLDT32LNBBDC5VIQSVUCHNELPUZ....
[255/329] Sent chunk: 17551859-0254-0329-Z6WXGA3HNLYHQ3ZI6YNY6BZ2D6GCUL....
[256/329] Sent chunk: 17551859-0255-0329-VFOMZGASFEHKTAOK7PEHI7QFVPL63P....
Progress: 77.8% (256/329) - ETA: 211.4s
[257/329] Sent chunk: 17551859-0256-0329-WPKZ2CJORY4XZZMZ72HNDZFI6HHJH6....
[258/329] Sent chunk: 17551859-0257-0329-4JJ7DB754EMPX4VSKMVCAOFTYULJLR....
[259/329] Sent chunk: 17551859-0258-0329-6B3GQRBRYDXXDW2BTAYPONJRGYVY5Y....
[260/329] Sent chunk: 17551859-0259-0329-SCRDGCNHW6SFLOLPYHROICX4ZHWHPO....
[261/329] Sent chunk: 17551859-0260-0329-3XU227GSGMRMGF3GSI7J7RTJIABSWE....
[262/329] Sent chunk: 17551859-0261-0329-7JPYBIV745S57JPBN4Y7AQHGDR3YR4....
[263/329] Sent chunk: 17551859-0262-0329-X4DZFMRVWIG7VCT4N72GPYYEQRBT7W....
[264/329] Sent chunk: 17551859-0263-0329-3ER7QOLKVTFZU2NFCXF3KVID6A7C2B....
[265/329] Sent chunk: 17551859-0264-0329-3EPRG2CNATB7356RBSBUZCFSDSTA6U....
[266/329] Sent chunk: 17551859-0265-0329-372FNJ5UISASH2JLZCIDC2TW2J3LIN....
[267/329] Sent chunk: 17551859-0266-0329-V6VAYBW42HEP3OZOKOPEJY7LST5TSF....
[268/329] Sent chunk: 17551859-0267-0329-WN72D7H34SUMP5CWUINTK64NH23BJZ....
[269/329] Sent chunk: 17551859-0268-0329-6MOEV22YOCW2ZX5EEVODDCWRCEAL2B....
[270/329] Sent chunk: 17551859-0269-0329-7VUI2QVONDMX2DX4CU25NUTRYXLN4F....
[271/329] Sent chunk: 17551859-0270-0329-LD3QWVOOONCQ3UUPLRZYINVCDJ634Q....
[272/329] Sent chunk: 17551859-0271-0329-HDJ4RRO7MY7CQP3PDARUKOMP75YJJ7....
[273/329] Sent chunk: 17551859-0272-0329-JSZHUKQ7RIT6PEBOLQ5SYWU2CIJ4V3....
[274/329] Sent chunk: 17551859-0273-0329-7F3SCEO255UBFX74MC7PHV3QDC2OUH....
[275/329] Sent chunk: 17551859-0274-0329-DUORIXODOSRMY2Y6NBF3WKZ6BDIRYU....
[276/329] Sent chunk: 17551859-0275-0329-F3N3EE3OB7ZWZ5ORPR5J7ZFP4MMHJJ....
[277/329] Sent chunk: 17551859-0276-0329-EGWLQ7NGMV5VPI7UZHR5JPNOFVZ5WS....
[278/329] Sent chunk: 17551859-0277-0329-W7VXUFX5DXMREHWHOTVH2REKHIFNMH....
[279/329] Sent chunk: 17551859-0278-0329-IFBKOYS7EOJHRVIHMCOGVF6WJ5GNQI....
[280/329] Sent chunk: 17551859-0279-0329-GIOBSTJDDQJU4FJH2TUDN2IV3SB7WQ....
[281/329] Sent chunk: 17551859-0280-0329-HES4TURE2E5LD6HSZ3PLQT7FSRFSTV....
[282/329] Sent chunk: 17551859-0281-0329-FV75PMPWKOTL5AHLJT2M7GZ4ESLCFN....
[283/329] Sent chunk: 17551859-0282-0329-XYEVLVZ4YPAIEKO26FWRQD7QQO3KZO....
[284/329] Sent chunk: 17551859-0283-0329-WMOC2RPU5X3TPIMDWX3WLK4IKZOPGZ....
[285/329] Sent chunk: 17551859-0284-0329-TWH34LF7SF7VY6MW7FXR25M5MM32WO....
[286/329] Sent chunk: 17551859-0285-0329-S234EYRRC6X2GKXDY3PT2NRPCTCX34....
[287/329] Sent chunk: 17551859-0286-0329-GYSZAK3YGAMVOGBU5HOOU7NUQZ4O7X....
[288/329] Sent chunk: 17551859-0287-0329-6JWYLHPRO23JINXW6536ZBLVYKOLPM....
Progress: 87.5% (288/329) - ETA: 117.8s
[289/329] Sent chunk: 17551859-0288-0329-3E5PQIXUS5F4EF3FSVBCD72FQZDDBN....
[290/329] Sent chunk: 17551859-0289-0329-54WXK5LY6CKQNNZQDWJQIQS2A67IO7....
[291/329] Sent chunk: 17551859-0290-0329-MYNJDGUYXKIL7T43DXGBPJMHQ3NUOQ....
[292/329] Sent chunk: 17551859-0291-0329-ME5WZBCJHFJQDDSHVFPQUV3JHNBELQ....
[293/329] Sent chunk: 17551859-0292-0329-SB6HIPR6KEWQBGOTY2JKRIRI4RJXWW....
[294/329] Sent chunk: 17551859-0293-0329-OFH3XUPPWNOF5ZTDBYXN3GZMGXDHNB....
[295/329] Sent chunk: 17551859-0294-0329-ZGRE2VK4FADFDYEGMCMTYJ5M4N5PQM....
[296/329] Sent chunk: 17551859-0295-0329-ZTGDQNULPSKENDMCCELI4EQAWU726L....
[297/329] Sent chunk: 17551859-0296-0329-OM77GIEJ3PRRHTOLJDHVWFQSBSLROC....
[298/329] Sent chunk: 17551859-0297-0329-TPRNTCRKCCRXRM6ASWKHFEIRX4DQRS....
[299/329] Sent chunk: 17551859-0298-0329-KMTEQAK7JPVASZXVU7J6IF7OCEUKCG....
[300/329] Sent chunk: 17551859-0299-0329-JLVRI5ETJVURVBWLD2ZBG32NSSEMAL....
Progress: 91.2% (300/329) - ETA: 83.4s
[301/329] Sent chunk: 17551859-0300-0329-HI7HRLL4HS2YTHBPSQLNKM7YKRTW5O....
[302/329] Sent chunk: 17551859-0301-0329-HYUEDYHBTZJU6SWBJ7G5QAVX4VNJ2G....
[303/329] Sent chunk: 17551859-0302-0329-DJ2KYFMYJSSZ5KES7JSZC55OGCZBLO....
[304/329] Sent chunk: 17551859-0303-0329-74UL77UD2DRYXGSTEWT5Q5EJUEVXOG....
[305/329] Sent chunk: 17551859-0304-0329-GKGEXO7CZIMBQ5KDZON5F3RLP3SM3M....
[306/329] Sent chunk: 17551859-0305-0329-D62BPFKUUPWLAXC66JJXYTFIOWTXT6....
[307/329] Sent chunk: 17551859-0306-0329-TB34HNLRR3WFLWLR36XF2SSTJ6QDSN....
[308/329] Sent chunk: 17551859-0307-0329-GECPEPZUS4ECNSWOXG7B7M6YHXMPGJ....
[309/329] Sent chunk: 17551859-0308-0329-URHF726JNTHO5LV5CO24B2N5TKRCQZ....
[310/329] Sent chunk: 17551859-0309-0329-HJIPNUFNDLPUD3QHU5K523RN5DPDU3....
[311/329] Sent chunk: 17551859-0310-0329-OZOUIFEZKE62QRVK64HEXUJ46BXJEC....
[312/329] Sent chunk: 17551859-0311-0329-VJIPSVZLEDCZBVMPJDTOLBFR7W7RAI....
[313/329] Sent chunk: 17551859-0312-0329-2KB2V3KIEF6KJBCM5FDIU2VTLSEDPV....
[314/329] Sent chunk: 17551859-0313-0329-OTQ4ZH4G2YTUHCP67U27UMVQ277CTL....
[315/329] Sent chunk: 17551859-0314-0329-K75LJVXMNUIPNMX7QFILUELSETAKDI....
[316/329] Sent chunk: 17551859-0315-0329-B3HBG22TT2W5LF5VKKOYXN6G5S3RC7....
[317/329] Sent chunk: 17551859-0316-0329-QR6IGIHT64XNC3M32FO4IHW7Q2XYCM....
[318/329] Sent chunk: 17551859-0317-0329-HXDX24BT6FIT35ZPJNS5X3DHCVI733....
[319/329] Sent chunk: 17551859-0318-0329-24QWSPRY5EZRWT3AHDI3WZXC5FF66P....
[320/329] Sent chunk: 17551859-0319-0329-PLCCVKNQ7EX2LQTXQD7MTMSPFBMZ7Z....
Progress: 97.3% (320/329) - ETA: 25.9s
[321/329] Sent chunk: 17551859-0320-0329-YVZ32EJL2F5XBN7EZDPWNDZEWTYAYE....
[322/329] Sent chunk: 17551859-0321-0329-JFZRK5VFE7V7WRCTLN5QZV5GONEVDR....
[323/329] Sent chunk: 17551859-0322-0329-MJJB43DNFO6HSE7GERUES25QM73DXK....
[324/329] Sent chunk: 17551859-0323-0329-B6IU42CQXY7PRMCCWAZROJUQ2DKKX7....
[325/329] Sent chunk: 17551859-0324-0329-HZJNJ47YJOMVXPITJTI7YEWBPP2BFC....
[326/329] Sent chunk: 17551859-0325-0329-3ZBNGWELEMPGMSZCT37RRUOVLM5JHB....
[327/329] Sent chunk: 17551859-0326-0329-226AZO3OPJSV5SVL6LYWSJN6AYLPWJ....
[328/329] Sent chunk: 17551859-0327-0329-5QGCIXPSZ4KUM6UGROF7Z5NQA3UWSG....
[329/329] Sent chunk: 17551859-0328-0329-O4VTKHBC7YDZPBMPMQDBWAAAotsdzr....

Transmission complete: 100.0% success rate
Actual time: 935.6s (estimated: 1645.0s)

📈 EXFILTRATION STATISTICS:
   Duration: 935.59 seconds
   Total chunks: 329
   Successful: 329
   Failed: 0
   Retries: 0
   Success rate: 100.0%
   Throughput: 7.39 bytes/sec
   Total bytes: 6918
[client] Quick test terminé. Pause 30s…
[client] Filtrage CSV…
✅ Filtré → /app/captured/output.only_172.18.0.5.csv
✅ Supprimé du fichier original (entête conservé) → /traffic_analyzer/output/output.csv
[client] Sélection du dernier CSV filtré…
[client] CSV sélectionné: /app/captured/output.only_172.18.0.5.csv
[client] Lancement predictor…
/usr/local/lib/python3.11/site-packages/sklearn/base.py:376: InconsistentVersionWarning: Trying to unpickle estimator StandardScaler from version 1.6.1 when using version 1.4.0. This might lead to breaking code or invalid results. Use at your own risk. For more info please refer to:
https://scikit-learn.org/stable/model_persistence.html#security-maintainability-limitations
  warnings.warn(
/usr/local/lib/python3.11/site-packages/sklearn/base.py:376: InconsistentVersionWarning: Trying to unpickle estimator LabelEncoder from version 1.6.1 when using version 1.4.0. This might lead to breaking code or invalid results. Use at your own risk. For more info please refer to:
https://scikit-learn.org/stable/model_persistence.html#security-maintainability-limitations
  warnings.warn(
2025-08-14 15:55:33,309 - INFO - ✅ Préprocesseurs chargés
2025-08-14 15:55:33,478 - INFO - ✅ Modèle chargé: gradient_boosting
2025-08-14 15:55:33,479 - ERROR - ❌ Erreur chargement ../models/logistic_regression.pkl: Can't get attribute '_RemainderColsList' on <module 'sklearn.compose._column_transformer' from '/usr/local/lib/python3.11/site-packages/sklearn/compose/_column_transformer.py'>
2025-08-14 15:55:33,479 - ERROR - ❌ Erreur chargement ../models/random_forest.pkl: Can't get attribute '_RemainderColsList' on <module 'sklearn.compose._column_transformer' from '/usr/local/lib/python3.11/site-packages/sklearn/compose/_column_transformer.py'>
2025-08-14 15:55:33,479 - INFO - 📊 1 modèles chargés: ['gradient_boosting']
2025-08-14 15:55:33,479 - INFO - 📊 Chargement données: /app/captured/output.only_172.18.0.5.csv
2025-08-14 15:55:33,484 - INFO - 📊 Features utilisées: 31/31
/usr/local/lib/python3.11/site-packages/sklearn/base.py:493: UserWarning: X does not have valid feature names, but GradientBoostingClassifier was fitted with feature names
  warnings.warn(
/usr/local/lib/python3.11/site-packages/sklearn/base.py:493: UserWarning: X does not have valid feature names, but GradientBoostingClassifier was fitted with feature names
  warnings.warn(
2025-08-14 15:55:33,505 - INFO - 📊 === RÉSUMÉ DES PRÉDICTIONS ===
2025-08-14 15:55:33,506 - INFO - 🤖 GRADIENT_BOOSTING:
2025-08-14 15:55:33,506 - INFO -    - Benign: 42
2025-08-14 15:55:33,506 - INFO -    - Malicious: 0
2025-08-14 15:55:33,506 - INFO -    - Confiance moyenne: 0.964
2025-08-14 15:55:33,509 - INFO - 💾 Results written to: output/results_20250814_155533.json
CSV_PATH=/app/captured/output.only_172.18.0.5.csv
PRED_LOG=/tmp/predictor_low_speed-1755185966.log
