2025-08-14 17:19:47,863 - ERROR - Error loading ../models/gradient_boosting.pkl: Can't get attribute '__pyx_unpickle_CyHalfBinomialLoss' on <module 'sklearn._loss._loss' from '/usr/local/lib/python3.11/site-packages/sklearn/_loss/_loss.cpython-311-x86_64-linux-gnu.so'>
2025-08-14 17:19:47,869 - INFO - Loaded model: logistic_regression
2025-08-14 17:19:47,965 - INFO - Loaded model: random_forest
2025-08-14 17:19:47,966 - INFO - Loaded DoHXP rule-based model from ../models/dohxp_model.json
2025-08-14 17:19:47,966 - INFO - Loading data: /app/captured/output.only_172.18.0.5.csv
2025-08-14 17:19:47,979 - INFO - Features used: 31/31
2025-08-14 17:19:47,979 - INFO - === PREDICTIONS ===
2025-08-14 17:19:47,986 - INFO - 🤖 LOGISTIC_REGRESSION:
2025-08-14 17:19:47,987 - INFO -    - Benign: 1
2025-08-14 17:19:47,987 - INFO -    - Malicious: 0
2025-08-14 17:19:47,987 - INFO -    - Threshold applied: 0.957
2025-08-14 17:19:47,987 - INFO -    - Avg confidence: 0.995
2025-08-14 17:19:48,016 - INFO - 🤖 RANDOM_FOREST:
2025-08-14 17:19:48,017 - INFO -    - Benign: 1
2025-08-14 17:19:48,017 - INFO -    - Malicious: 0
2025-08-14 17:19:48,017 - INFO -    - Threshold applied: 0.209
2025-08-14 17:19:48,017 - INFO -    - Avg confidence: 0.980
2025-08-14 17:19:48,017 - INFO - 🤖 DOHXP:
2025-08-14 17:19:48,018 - INFO -    - Benign: 0
2025-08-14 17:19:48,018 - INFO -    - Malicious: 1
2025-08-14 17:19:48,018 - INFO -    - Threshold applied: 0.500
2025-08-14 17:19:48,018 - INFO -    - Avg confidence: 1.000
2025-08-14 17:19:48,018 - INFO - 
=== SUMMARY OF PREDICTIONS ===

Model                      Benign    Malicious      Total Threshold   Confidence
--------------------------------------------------------------------------------
logistic_regression             1            0          1    0.957        0.995
random_forest                   1            0          1    0.209        0.980
dohxp                           0            1          1    0.500        1.000
