2025-08-15 10:47:17,070 - ERROR - Error loading ../models/gradient_boosting.pkl: Can't get attribute '__pyx_unpickle_CyHalfBinomialLoss' on <module 'sklearn._loss._loss' from '/usr/local/lib/python3.11/site-packages/sklearn/_loss/_loss.cpython-311-x86_64-linux-gnu.so'>
2025-08-15 10:47:17,077 - INFO - Loaded model: logistic_regression
2025-08-15 10:47:17,200 - INFO - Loaded model: random_forest
2025-08-15 10:47:17,201 - INFO - Loaded DoHXP rule-based model from ../models/dohxp_model.json
2025-08-15 10:47:17,201 - INFO - Loading data: /app/captured/output.only_172.18.0.5.csv
2025-08-15 10:47:17,223 - INFO - Features used: 31/31
2025-08-15 10:47:17,223 - INFO - === PREDICTIONS ===
2025-08-15 10:47:17,231 - INFO - 🤖 LOGISTIC_REGRESSION:
2025-08-15 10:47:17,231 - INFO -    - Benign: 262
2025-08-15 10:47:17,231 - INFO -    - Malicious: 0
2025-08-15 10:47:17,231 - INFO -    - Threshold applied: 0.957
2025-08-15 10:47:17,232 - INFO -    - Avg confidence: 0.998
2025-08-15 10:47:17,265 - INFO - 🤖 RANDOM_FOREST:
2025-08-15 10:47:17,265 - INFO -    - Benign: 200
2025-08-15 10:47:17,265 - INFO -    - Malicious: 62
2025-08-15 10:47:17,265 - INFO -    - Threshold applied: 0.209
2025-08-15 10:47:17,266 - INFO -    - Avg confidence: 0.933
2025-08-15 10:47:17,276 - INFO - 🤖 DOHXP:
2025-08-15 10:47:17,276 - INFO -    - Benign: 0
2025-08-15 10:47:17,276 - INFO -    - Malicious: 262
2025-08-15 10:47:17,276 - INFO -    - Threshold applied: 0.500
2025-08-15 10:47:17,277 - INFO -    - Avg confidence: 0.892
2025-08-15 10:47:17,277 - INFO - 
=== SUMMARY OF PREDICTIONS ===

Model                      Benign    Malicious      Total Threshold   Confidence
--------------------------------------------------------------------------------
logistic_regression           262            0        262    0.957        0.998
random_forest                 200           62        262    0.209        0.933
dohxp                           0          262        262    0.500        0.892
