2025-08-15 08:12:22,996 - ERROR - Error loading ../models/gradient_boosting.pkl: Can't get attribute '__pyx_unpickle_CyHalfBinomialLoss' on <module 'sklearn._loss._loss' from '/usr/local/lib/python3.11/site-packages/sklearn/_loss/_loss.cpython-311-x86_64-linux-gnu.so'>
2025-08-15 08:12:23,002 - INFO - Loaded model: logistic_regression
2025-08-15 08:12:23,117 - INFO - Loaded model: random_forest
2025-08-15 08:12:23,117 - INFO - Loaded DoHXP rule-based model from ../models/dohxp_model.json
2025-08-15 08:12:23,118 - INFO - Loading data: /app/captured/output.only_172.18.0.5.csv
2025-08-15 08:12:23,131 - INFO - Features used: 31/31
2025-08-15 08:12:23,131 - INFO - === PREDICTIONS ===
2025-08-15 08:12:23,138 - INFO - 🤖 LOGISTIC_REGRESSION:
2025-08-15 08:12:23,139 - INFO -    - Benign: 1
2025-08-15 08:12:23,139 - INFO -    - Malicious: 0
2025-08-15 08:12:23,139 - INFO -    - Threshold applied: 0.957
2025-08-15 08:12:23,139 - INFO -    - Avg confidence: 0.999
2025-08-15 08:12:23,169 - INFO - 🤖 RANDOM_FOREST:
2025-08-15 08:12:23,169 - INFO -    - Benign: 1
2025-08-15 08:12:23,169 - INFO -    - Malicious: 0
2025-08-15 08:12:23,169 - INFO -    - Threshold applied: 0.209
2025-08-15 08:12:23,169 - INFO -    - Avg confidence: 0.980
2025-08-15 08:12:23,170 - INFO - 🤖 DOHXP:
2025-08-15 08:12:23,170 - INFO -    - Benign: 0
2025-08-15 08:12:23,170 - INFO -    - Malicious: 1
2025-08-15 08:12:23,170 - INFO -    - Threshold applied: 0.500
2025-08-15 08:12:23,170 - INFO -    - Avg confidence: 1.000
2025-08-15 08:12:23,170 - INFO - 
=== SUMMARY OF PREDICTIONS ===

Model                      Benign    Malicious      Total Threshold   Confidence
--------------------------------------------------------------------------------
logistic_regression             1            0          1    0.957        0.999
random_forest                   1            0          1    0.209        0.980
dohxp                           0            1          1    0.500        1.000
