2025-08-14 17:00:38,012 - ERROR - ❌ Error loading ../models/gradient_boosting.pkl: Can't get attribute '__pyx_unpickle_CyHalfBinomialLoss' on <module 'sklearn._loss._loss' from '/usr/local/lib/python3.11/site-packages/sklearn/_loss/_loss.cpython-311-x86_64-linux-gnu.so'>
2025-08-14 17:00:38,018 - INFO - ✅ Loaded model: logistic_regression
2025-08-14 17:00:38,111 - INFO - ✅ Loaded model: random_forest
2025-08-14 17:00:38,111 - INFO - ✅ Loaded DoHXP rule-based model from ../models/dohxp_model.json
2025-08-14 17:00:38,111 - INFO - 📊 Loading data: /app/captured/output.only_172.18.0.5.csv
2025-08-14 17:00:38,124 - INFO - 📊 Features used: 31/31
2025-08-14 17:00:38,124 - INFO - 📊 === PREDICTIONS ===
2025-08-14 17:00:38,131 - INFO - 🤖 LOGISTIC_REGRESSION:
2025-08-14 17:00:38,131 - INFO -    - Benign: 1
2025-08-14 17:00:38,131 - INFO -    - Malicious: 0
2025-08-14 17:00:38,131 - INFO -    - Threshold applied: 0.957
2025-08-14 17:00:38,131 - INFO -    - Avg confidence: 0.987
2025-08-14 17:00:38,161 - INFO - 🤖 RANDOM_FOREST:
2025-08-14 17:00:38,161 - INFO -    - Benign: 0
2025-08-14 17:00:38,161 - INFO -    - Malicious: 1
2025-08-14 17:00:38,161 - INFO -    - Threshold applied: 0.209
2025-08-14 17:00:38,161 - INFO -    - Avg confidence: 0.791
2025-08-14 17:00:38,161 - INFO - 🤖 DOHXP:
2025-08-14 17:00:38,161 - INFO -    - Benign: 0
2025-08-14 17:00:38,162 - INFO -    - Malicious: 1
2025-08-14 17:00:38,162 - INFO -    - Threshold applied: 0.500
2025-08-14 17:00:38,162 - INFO -    - Avg confidence: 1.000
2025-08-14 17:00:38,162 - INFO - 
📊 === SUMMARY OF PREDICTIONS ===

Model                      Benign    Malicious      Total Threshold   Confidence
--------------------------------------------------------------------------------
logistic_regression             1            0          1    0.957        0.987
random_forest                   0            1          1    0.209        0.791
dohxp                           0            1          1    0.500        1.000
