2025-08-15 11:18:00,383 - ERROR - Error loading ../models/gradient_boosting.pkl: Can't get attribute '__pyx_unpickle_CyHalfBinomialLoss' on <module 'sklearn._loss._loss' from '/usr/local/lib/python3.11/site-packages/sklearn/_loss/_loss.cpython-311-x86_64-linux-gnu.so'>
2025-08-15 11:18:00,389 - INFO - Loaded model: logistic_regression
2025-08-15 11:18:00,503 - INFO - Loaded model: random_forest
2025-08-15 11:18:00,503 - INFO - Loaded DoHXP rule-based model from ../models/dohxp_model.json
2025-08-15 11:18:00,503 - INFO - Loading data: /app/captured/output.only_172.18.0.5.csv
2025-08-15 11:18:00,518 - INFO - Features used: 31/31
2025-08-15 11:18:00,518 - INFO - === PREDICTIONS ===
2025-08-15 11:18:00,526 - INFO - 🤖 LOGISTIC_REGRESSION:
2025-08-15 11:18:00,526 - INFO -    - Benign: 40
2025-08-15 11:18:00,526 - INFO -    - Malicious: 0
2025-08-15 11:18:00,526 - INFO -    - Threshold applied: 0.957
2025-08-15 11:18:00,526 - INFO -    - Avg confidence: 0.975
2025-08-15 11:18:00,559 - INFO - 🤖 RANDOM_FOREST:
2025-08-15 11:18:00,559 - INFO -    - Benign: 0
2025-08-15 11:18:00,559 - INFO -    - Malicious: 40
2025-08-15 11:18:00,559 - INFO -    - Threshold applied: 0.209
2025-08-15 11:18:00,559 - INFO -    - Avg confidence: 0.690
2025-08-15 11:18:00,561 - INFO - 🤖 DOHXP:
2025-08-15 11:18:00,561 - INFO -    - Benign: 0
2025-08-15 11:18:00,561 - INFO -    - Malicious: 40
2025-08-15 11:18:00,561 - INFO -    - Threshold applied: 0.500
2025-08-15 11:18:00,561 - INFO -    - Avg confidence: 0.600
2025-08-15 11:18:00,561 - INFO - 
=== SUMMARY OF PREDICTIONS ===

Model                      Benign    Malicious      Total Threshold   Confidence
--------------------------------------------------------------------------------
logistic_regression            40            0         40    0.957        0.975
random_forest                   0           40         40    0.209        0.690
dohxp                           0           40         40    0.500        0.600
