[client] Démarrage quick_test: low_speed.json
Starting DoH exfiltration: /app/test_data/image.png
Configuration: Server: https://doh.local/dns-query, Chunk: 30, Encoding: base64, Timing: random
Checking DoH server connectivity...
Testing server: https://doh.local/dns-query
Attempt 1/10...
DoH server connectivity verified with google.com
Server ready for exfiltration!
Chunk size calculation:
   File size: 6,918 bytes
   Strategy: medium file
   Optimal chunk size: 30 chars
   Estimated chunks: 323
   Estimated time: 64.6s
Chunk size: 30 → 30 (auto-adjusted)
Encoded with base64: 9224 chars
File size: 6918 bytes
Prepared data size: 9224 bytes
Total chunks: 308

Starting chunk transmission...
Session ID: 1755171806_d5f1udoe
Estimated transmission time: 107.8s
Chunk utilization: 99.8%
[  1/308] Sent chunk: 17551718-0000-0308-iVBORw0KGgoAAAANSUhEUgAAAgAAAA...
[  2/308] Sent chunk: 17551718-0001-0308-IACAMAAADDpiTIAAAAA3NCSVQICAjb...
[  3/308] Sent chunk: 17551718-0002-0308-4U_gAAAACXBIWXMAAB7hAAAe4QFRQX...
[  4/308] Sent chunk: 17551718-0003-0308-XHAAAAGXRFWHRTb2Z0d2FyZQB3d3cu...
[  5/308] Sent chunk: 17551718-0004-0308-aW5rc2NhcGUub3Jnm-48GgAAAvdQTF...
[  6/308] Sent chunk: 17551718-0005-0308-RF____AAAAAAAAAAAAAAAAAAAAAAAA...
[  7/308] Sent chunk: 17551718-0006-0308-AAAAAAAAAAAAAAAAAAAAAAAAAAAAAA...
[  8/308] Sent chunk: 17551718-0007-0308-AAAAAAAAAAAAAAAAAAAAAAAAAAAAAA...
[  9/308] Sent chunk: 17551718-0008-0308-AAAAAAAAAAAAAAAAAAAAAAAAAAAAAA...
[ 10/308] Sent chunk: 17551718-0009-0308-AAAAAAAAAAAAAAAAAAAAAAAAAAAAAA...
[ 11/308] Sent chunk: 17551718-0010-0308-AAAAAAAAAAAAAAAAAAAAAAAAAAAAAA...
[ 12/308] Sent chunk: 17551718-0011-0308-AAAAAAAAAAAAAAAAAAAAAAAAAAAAAA...
[ 13/308] Sent chunk: 17551718-0012-0308-AAAAAAAAAAAAAAAAAAAAAAAAAAAAAA...
[ 14/308] Sent chunk: 17551718-0013-0308-AAAAAAAAAAAAAAAAAAAAAAAAAAAAAA...
[ 15/308] Sent chunk: 17551718-0014-0308-AAAAAAAAAAAAAAAAAAAAAAAAAAAAAA...
[ 16/308] Sent chunk: 17551718-0015-0308-AAAAAAAAAAAAAAAAAAAAAAAAAAAAAA...
[ 17/308] Sent chunk: 17551718-0016-0308-AAAAAAAAAAAAAAAAAAAAAAAAAAAAAA...
[ 18/308] Sent chunk: 17551718-0017-0308-AAAAAAAAAAAAAAAAAAAAAAAAAAAAAA...
[ 19/308] Sent chunk: 17551718-0018-0308-AAAAAAAAAAAAAAAAAAAAAAAAAAAAAA...
[ 20/308] Sent chunk: 17551718-0019-0308-AAAAAAAAAAAAAAAAAAAAAAAAAAAAAA...
[ 21/308] Sent chunk: 17551718-0020-0308-AAAAAAAAAAAAAAAAAAAAAAAAAAAAAA...
[ 22/308] Sent chunk: 17551718-0021-0308-AAAAAAAAAAAAAAAAAAAAAAAAAAAAAA...
[ 23/308] Sent chunk: 17551718-0022-0308-AAAAAAAAAAAAAAAAAAAAAAAAAAAAAA...
[ 24/308] Sent chunk: 17551718-0023-0308-AAAAAAAAAAAAAAAAAAAAAAAAAAAAAA...
[ 25/308] Sent chunk: 17551718-0024-0308-AAAAAAAAAAAAAAAAAAAAAAAAAAAAAA...
[ 26/308] Sent chunk: 17551718-0025-0308-AAAAAAAAAAAAAAAAAAAAAAAAAAAAAA...
[ 27/308] Sent chunk: 17551718-0026-0308-AAAAAAAAAAAAAAAAAAAAAAAAAAAAAA...
[ 28/308] Sent chunk: 17551718-0027-0308-AAAAAAAAAAAAAAAAAAAAAAAAAAAAAA...
[ 29/308] Sent chunk: 17551718-0028-0308-AAAAAAAAAAAAAAAAAAAAAAAAAAAAAA...
[ 30/308] Sent chunk: 17551718-0029-0308-AAAAAAAAAAAAAAAAAAAAAAAAAAAAAA...
Progress: 9.7% (30/308) - ETA: 46.1s
[ 31/308] Sent chunk: 17551718-0030-0308-AAAAAAAAAAAAAAAAAAAAAAAAAAAAAA...
[ 32/308] Sent chunk: 17551718-0031-0308-AAAAAAAAAAAAAAAAAAAAAAAAAAAAAA...
[ 33/308] Sent chunk: 17551718-0032-0308-AAAAAAAAAAAAAAAAAAAAAAAAAAAAAA...
[ 34/308] Sent chunk: 17551718-0033-0308-AAAAAAAAAAAAAAAAAAAAAAAAAAAAAA...
[ 35/308] Sent chunk: 17551718-0034-0308-AAAAAAAAAAAAAAAAAAAAAAAAAAAAAA...
[ 36/308] Sent chunk: 17551718-0035-0308-AAAAAAAAAAAAAAAAAAAAAAAAAAAAAA...
[ 37/308] Sent chunk: 17551718-0036-0308-AAAAAAAAAAAAAAAAAAAAAAAAAAAAAA...
[ 38/308] Sent chunk: 17551718-0037-0308-AAAAAAAAAAAAAAAAAAAAAAAAAAAAAA...
[ 39/308] Sent chunk: 17551718-0038-0308-AAAAAAAAAAAAAAAAAAAAAAAAVynFdw...
[ 40/308] Sent chunk: 17551718-0039-0308-AAAPx0Uk5TAAECAwQFBgcICQoLDA0O...
[ 41/308] Sent chunk: 17551718-0040-0308-DxAREhMUFRYXGBkaGxwdHh8gISIjJC...
[ 42/308] Sent chunk: 17551718-0041-0308-UmJygpKissLS4vMDEyMzQ1Njc4OTo7...
[ 43/308] Sent chunk: 17551718-0042-0308-PD0-P0BBQkNERUZHSElKS0xNTk9QUV...
[ 44/308] Sent chunk: 17551718-0043-0308-JTVFVWV1hZWltcXV5fYGFiY2VmZ2hp...
[ 45/308] Sent chunk: 17551718-0044-0308-amtsbW5vcHFyc3R1dnd4eXp7fH1-f4...
[ 46/308] Sent chunk: 17551718-0045-0308-CBgoOEhYaHiImKi4yNjo-QkZKTlJWW...
[ 47/308] Sent chunk: 17551718-0046-0308-l5iZmpucnZ6foKGio6SlpqeoqaqrrK...
[ 48/308] Sent chunk: 17551718-0047-0308-2ur7CxsrO0tba3uLm6u7y9vr_AwcPE...
[ 49/308] Sent chunk: 17551718-0048-0308-xcbHyMnKy8zNzs_Q0dLT1NXW19jZ2t...
[ 50/308] Sent chunk: 17551718-0049-0308-vc3d7f4OHi4-Tl5ufo6evs7e7v8PHy...
[ 51/308] Sent chunk: 17551718-0050-0308-8_T19vf4-fr7_P3-eq1_OwAAFnlJRE...
[ 52/308] Sent chunk: 17551718-0051-0308-FUeNrtnfmDj-X6x-9ZDWaOLENhJOoc...
[ 53/308] Sent chunk: 17551718-0052-0308-WknJlkOWyHKoyCghW0hjCx2UGQ0J4Z...
[ 54/308] Sent chunk: 17551718-0053-0308-xKtvZyKiVFsqRj30MdSTlxGOuIidk_...
[ 55/308] Sent chunk: 17551718-0054-0308-1w_fH_pWyhgz9_bcy_v1F1z39Xoz9-...
[ 56/308] Sent chunk: 17551718-0055-0308-d57ue6GfOWSonJb29JT9_ydnJiJQb8...
[ 57/308] Sent chunk: 17551718-0056-0308-Irr55J0h-pXQzsnNo9EVX7h20JIMuo...
[ 58/308] Sent chunk: 17551718-0057-0308-iMJYOuRW-cJ67ji9_TJfn-xY5x6JGz...
[ 59/308] Sent chunk: 17551718-0058-0308-hN065oscugw5X4y5NQy9co-KD71xnI...
[ 60/308] Sent chunk: 17551718-0059-0308-rI8TceqoiOOURUs0k7QlQsQjsmNYtC...
Progress: 19.5% (60/308) - ETA: 47.1s
[ 61/308] Sent chunk: 17551718-0060-0308-51yg5sCPMoiLjI8G1kT_rCa2wz-_Iy...
[ 62/308] Sent chunk: 17551718-0061-0308-G--2eHWPTRzi1f3dFrckgCOWtG18W2...
[ 63/308] Sent chunk: 17551718-0062-0308-0LYt34OvHyOJHHv9QWwLrdnyNU3dHi...
[ 64/308] Sent chunk: 17551718-0063-0308-LphLanNsW20HhqPLr4LCnj7OJHa6DH...
[ 65/308] Sent chunk: 17551718-0064-0308-xlK6_T_2k3L2_6N9afTavC1fnVGfZ5...
[ 66/308] Sent chunk: 17551718-0065-0308-Mmsj8fVQfbQoOI7_7aUdLM0de6x6Pz...
[ 67/308] Sent chunk: 17551718-0066-0308-BhB558RtIQqE0LaJd0bCQJBcM-DDMx...
[ 68/308] Sent chunk: 17551718-0067-0308-QoZz4ccA08BLPlazdrHxnBvlntsC3U...
[ 69/308] Sent chunk: 17551718-0068-0308-zM1PrM4mg8he_cTNsKKJComvppGBpL...
[ 70/308] Sent chunk: 17551718-0069-0308-2aWAF2VG_5mqRszSdjyd-a0gTbQmVU...
[ 71/308] Sent chunk: 17551718-0070-0308-7__BGTKeMx_0rw5X0il1z8xvyBq-mX...
[ 72/308] Sent chunk: 17551718-0071-0308-lPKTiTx00jV2WRZWStGnkTzEmgfLdX...
[ 73/308] Sent chunk: 17551718-0072-0308-jpClHHmlW3kYFNnyNU7enE9Wk785uT...
[ 74/308] Sent chunk: 17551718-0073-0308-G2hVxc3W_Rj-QEPy7qdzV8Fm_L13bG...
[ 75/308] Sent chunk: 17551718-0074-0308-XnKKvTPaYltYRG4cvjKLHCRr5fAbYf...
[ 76/308] Sent chunk: 17551718-0075-0308-cylHtgwWFymMMLHigHy5cgotGETfnk...
[ 77/308] Sent chunk: 17551718-0076-0308-PPmbJjSKgO0_Uq3v-6fJG06_37canP...
[ 78/308] Sent chunk: 17551718-0077-0308-9KyTbP_4e84z_PtykJ94zdMGxFJnlK...
[ 79/308] Sent chunk: 17551718-0078-0308-5ophN3gtv2zX-YfJcw7P71rWzy1fw6...
[ 80/308] Sent chunk: 17551718-0079-0308-c35hMgovyNTzf0bFuY0Oe9dIi_kPT3...
[ 81/308] Sent chunk: 17551718-0080-0308--iR4Ij_m7ulfQ3hBfD397hjX7V8_dH...
[ 82/308] Sent chunk: 17551718-0081-0308-kmTBeyLVw-9Hp3t3xd5v0Pii_P_-Z1...
[ 83/308] Sent chunk: 17551718-0082-0308-cW9bGNHgqQ15cFtU8jY81cChbWHVR9...
[ 84/308] Sent chunk: 17551718-0083-0308-7Flq_428J3H6nqwpav9bSvIJOXr6a1...
[ 85/308] Sent chunk: 17551718-0084-0308-tnpbWDvp0_OwKMb5T5NqWyn_ivvmHo...
[ 86/308] Sent chunk: 17551718-0085-0308-I-ORyae98VVskPv2P8emz55G4L14-_...
[ 87/308] Sent chunk: 17551718-0086-0308-I9wO-1V6LzwFYSo4tbB3FcPll2g1dQ...
[ 88/308] Sent chunk: 17551718-0087-0308-9EqWTP1FYlTLVf6_Fl2PLp2BYue7yW...
[ 89/308] Sent chunk: 17551718-0088-0308-cfLL3DvnINTo4-Cce8uYs-WrP25dLp...
[ 90/308] Sent chunk: 17551718-0089-0308-zoJnfduPoGbAsr93rnJGQExcl3elUO...
Progress: 29.2% (90/308) - ETA: 47.1s
[ 91/308] Sent chunk: 17551718-0090-0308-csvX8rndkBA0u59rGci28C9Dlp5D98...
[ 92/308] Sent chunk: 17551718-0091-0308-3g3NIhf9G75es8-we03Sx-mN1Zz7Yw...
[ 93/308] Sent chunk: 17551718-0092-0308-_Paxa7HlM3NbuHbs7Yq3hfE93z6BRp...
[ 94/308] Sent chunk: 17551718-0093-0308-vMibd7qhtgeuP8LHTYfLLmq_kGtdUK...
[ 95/308] Sent chunk: 17551718-0094-0308-9NYWVrSSrj_sGbTVJp6RPM08ZiF6ah...
[ 96/308] Sent chunk: 17551718-0095-0308-cLpR4lit-AjtrGBpmbwZXop32slOe_...
[ 97/308] Sent chunk: 17551718-0096-0308-N7ppI71l-a-EQ91Wkl5JUgDeRS_t5F...
[ 98/308] Sent chunk: 17551718-0097-0308-05_qujk7ZSXUoABqKRtjJQSgCWoZG2...
[ 99/308] Sent chunk: 17551718-0098-0308-skyG_5L4nttaMmWMoWqLPtpLWwkBGI...
[100/308] Sent chunk: 17551718-0099-0308-Y22sswCQGYiTbay0wJAfgIbbSXjyQE...
Progress: 32.5% (100/308) - ETA: 46.8s
[101/308] Sent chunk: 17551718-0100-0308-4Eu00V6-lBCA02ijvZyWcAIYXbQZ8Z...
[102/308] Sent chunk: 17551718-0101-0308-PCN6OJNiN-oW0HNNFmOggHYDCaaDOD...
[103/308] Sent chunk: 17551718-0102-0308-hQMwFU20manCAXgPTbSZ94QDsBlNtJ...
[104/308] Sent chunk: 17551718-0103-0308-nNwgHA4A-rOSgcAHwNZjVZwvMe0UO7...
[105/308] Sent chunk: 17551718-0104-0308-EZ0wWQsttBvRgWLN0EK7aSYYgAfQQr...
[106/308] Sent chunk: 17551718-0105-0308-t5QDAAj6OFdvO4YABS0UK7SRUMwAK0...
[107/308] Sent chunk: 17551718-0106-0308-0G4WCAZgKVpoN0sFA7AdLbSb7YIBOI...
[108/308] Sent chunk: 17551718-0107-0308-IW2s0RwdFAGAloObliw4IqoIO2U0Eo...
[109/308] Sent chunk: 17551718-0108-0308-ADeggbZzg1AAWqCBttNCKADd0UDb6Y...
[110/308] Sent chunk: 17551718-0109-0308-4vQ_1G7PvQKWig7UwRCsBraKDtvCYU...
[111/308] Sent chunk: 17551718-0110-0308-gM_QQNv5DJ8G-43YB8LH0EDbOSZ0P0...
[112/308] Sent chunk: 17551718-0111-0308-w-Gmg7-SK3yFRC_-xHZGDsLWif_dyC...
[113/308] Sent chunk: 17551718-0112-0308-M8F-I3IuGMMBHEBkRMCDaJ_9PCgQgA...
[114/308] Sent chunk: 17551718-0113-0308-Fon_0MEAjASLTPfkYKBCAF7bOfFIEA...
[115/308] Sent chunk: 17551718-0114-0308-zED77GeGQADmo332Mx8DgvxGZEzQcr...
[116/308] Sent chunk: 17551718-0115-0308-TPfpYLBGA92mc_6wUCsAfts589AgH4...
[117/308] Sent chunk: 17551718-0116-0308-Ae2znx8EAnAK7bOfUwIBwJeBDpDL7z...
[118/308] Sent chunk: 17551718-0117-0308-8G3XOBGO4AxKN5LhDPHYCaaJ4L1OQO...
[119/308] Sent chunk: 17551718-0118-0308-QB00zwXqcAegKZrnAk25A9AOzXOBdt...
[120/308] Sent chunk: 17551718-0119-0308-wB6IbmuUA37gD0Q_NcoB93AIajeS4w...
Progress: 39.0% (120/308) - ETA: 39.7s
[121/308] Sent chunk: 17551718-0120-0308-nDsAT6N5LvA0dwCmo3kuMJ07AHPRPB...
[122/308] Sent chunk: 17551718-0121-0308-eYyx2AhWieCyzkDsAyNM8FlnEHYC2a...
[123/308] Sent chunk: 17551718-0122-0308-5wJrMSDGb_iHxBxA81zgAHcATqB5Ln...
[124/308] Sent chunk: 17551718-0123-0308-ACt4b6DfftodHonRS-njHiwdZdHktd...
[125/308] Sent chunk: 17551718-0124-0308-E9QRy2jOAJSHO3EOj7z214aW67EhkB...
[126/308] Sent chunk: 17551718-0125-0308-rKcwagOvSJcnLEH05kdtwdQBXVOQNw...
[127/308] Sent chunk: 17551718-0126-0308-EwQKsrrcxaMXJ-kv4ybOANSDQTFejC...
[128/308] Sent chunk: 17551718-0127-0308-xw8FKm7jrqcQagARQKMfoSfb0zQ3Mh...
[129/308] Sent chunk: 17551718-0128-0308-DTgD0AQOVfhnrInmBDTBmMgAGFXYPy...
[130/308] Sent chunk: 17551718-0129-0308-29CeAdFdkKFtX4152AVpwBaAuNivxr...
[131/308] Sent chunk: 17551718-0130-0308-TkBbDIo1zb_eBPAOi70XIpX515qAez...
[132/308] Sent chunk: 17551718-0131-0308-kD0BUm1fnXmYCuGBVtoH-NCeAdF90T...
[133/308] Sent chunk: 17551718-0132-0308-LlX615eAnpwB6AOZSv1rS0AfDIs307...
[134/308] Sent chunk: 17551718-0133-0308--uBPAOjB8MnYr9a0rAYM4AJMGnav96...
[135/308] Sent chunk: 17551718-0134-0308-EpCE6yKM9a8lAbxXRoyBUfX-dSRgDG...
[136/308] Sent chunk: 17551718-0135-0308-cAxkFpsXiC97W76gSM4ywsGU51-Gfs...
[137/308] Sent chunk: 17551718-0136-0308-r9lqK0vmrCsVUrX4V_7EJZWzrOdgVY...
[138/308] Sent chunk: 17551718-0137-0308-9_xmYqrW0KBoQY7p9FHVBZHO-IkGnw...
[139/308] Sent chunk: 17551718-0138-0308-qsk_Yz1UVjeNs6gpEKvLPwv_ysA_AZ...
[140/308] Sent chunk: 17551718-0139-0308-NgVpd_xoYprG8SZ00ToVabf3adwgIn...
[141/308] Sent chunk: 17551718-0140-0308-ctY0AW61-WfsG3UVTuAsaTzk6vPP3l...
[142/308] Sent chunk: 17551718-0141-0308-JX4njOkp6EXX3-Vf7o_jtnSaOgV59_...
[143/308] Sent chunk: 17551718-0142-0308-NlpdkaM4SxoBv_r8s8fVVTmCs6ShEK...
[144/308] Sent chunk: 17551718-0143-0308-zPv8rfXEM5SxoCw4UzUqJ_lYOZh3CW...
[145/308] Sent chunk: 17551718-0144-0308-NAiK9flnK9UVOgings33H6twJh_vqe...
[146/308] Sent chunk: 17551718-0145-0308-C-kKzNv9IPMfty1vQILGvzz95RWOsj...
[147/308] Sent chunk: 17551718-0146-0308--DTMeP-18xQWy_tp2EPwrMs_W6Sy2o...
[148/308] Sent chunk: 17551718-0147-0308-c4i0qEaF3-71JabiLmAxju_5qTSuvl...
[149/308] Sent chunk: 17551718-0148-0308-nQ9wH1Tr8R-7R23B93HW1QmutfgvtV...
[150/308] Sent chunk: 17551718-0149-0308-pxxZ04C8OQKDf8cw-Juge2nfBP93CW...
Progress: 48.7% (150/308) - ETA: 33.2s
[151/308] Sent chunk: 17551718-0150-0308-1gK6nfBPLThrw7Doixhho3_uYdG4L8...
[152/308] Sent chunk: 17551718-0151-0308-AN_9z3BVwD4074p2s4y6toTOezDh3O...
[153/308] Sent chunk: 17551718-0152-0308-hn9uKnLWV9oI-Tuevr0MY4yVbTz5a7...
[154/308] Sent chunk: 17551718-0153-0308-f8l9Tkn0pzFhgWCtx-6L3aF1ZUbzn8...
[155/308] Sent chunk: 17551718-0154-0308-czQxjLfEn4L2v_Gi227--hX8F5efuG...
[156/308] Sent chunk: 17551718-0155-0308-s8HrD_uQXceBi7CP6LyXHuIr8PVH_e...
[157/308] Sent chunk: 17551718-0156-0308-wIL_MI2H_-LxPXeVuwP1f8kZ10nwXy...
[158/308] Sent chunk: 17551718-0157-0308-x2c5e5MUD_-YXMOE-C_2LtpEw8qn5Z...
[159/308] Sent chunk: 17551718-0158-0308-_4UeY0qC_2KwkrvQxYb615sA2_3TYu...
[160/308] Sent chunk: 17551718-0159-0308-5K3zTVv84EWO-f3uQu9eWg_Pe4fG1J...
[161/308] Sent chunk: 17551718-0160-0308-8F9UXuaudbq5_nUlYLj9_rnHBAY1LD...
[162/308] Sent chunk: 17551718-0161-0308-j_4aJVlwT_RSOZu9pRJvvXkQD5_lcF...
[163/308] Sent chunk: 17551718-0162-0308-0NFR3OUONtq_-gS44Z_7xhjGegXgv1...
[164/308] Sent chunk: 17551718-0163-0308-jfsSXBfxHoxV1wF8P9q02AK_6pC3fF...
[165/308] Sent chunk: 17551718-0164-0308-2q8Pzy92WJPg_7K05S65qfH-1SXAHf...
[166/308] Sent chunk: 17551718-0165-0308-_UlLvmW833ryoBDvmnW7mLrq7Xf2--...
[167/308] Sent chunk: 17551718-0166-0308-KpPgv3Cq859a1VlmqDdvmUnwXyil-O...
[168/308] Sent chunk: 17551718-0167-0308-s-Z8XjCukJcMv_OYHC_6uvzDdEGpwE...
[169/308] Sent chunk: 17551718-0168-0308-_5fmvwKVb9FW5a4SzJQEOOaftgiU_o...
[170/308] Sent chunk: 17551718-0169-0308-m2KlsKNjkJ_i_FJwK1v6KryM-E2ywr...
[171/308] Sent chunk: 17551718-0170-0308-AcNc80-vCBT_rK4iGzFDEuCef3pWoH...
[172/308] Sent chunk: 17551718-0171-0308-pdNwYcDWNmJMBB_0Jnmh7WVOM8Kc1O...
[173/308] Sent chunk: 17551718-0172-0308-gv-CeFigfl1vg7oyIxLgpH-Bd0GM1d...
[174/308] Sent chunk: 17551718-0173-0308-NU4x3MhAS46Z_qCawgQVONVzMDEuCo...
[175/308] Sent chunk: 17551718-0174-0308-f0oQWEKMphpjWPAJcNW_WHPP6qmxLA...
[176/308] Sent chunk: 17551718-0175-0308-s8Ac76Pyu0Ck0fiNdmQSfAWf8CH4cz...
[177/308] Sent chunk: 17551718-0176-0308-pu374LtYwAlw17_At8GMMbZET5FDWb...
[178/308] Sent chunk: 17551718-0177-0308-AJcNg_LRFayDw9RX7OAk2AfP8rjfEv...
[179/308] Sent chunk: 17551718-0178-0308--JBtkp4ic68IMgFO-6dJQkvRdXvsYB...
[180/308] Sent chunk: 17551718-0179-0308-ZcAoY67V9weQ9pqvJ4XGAJcNw_941R...
Progress: 58.4% (180/308) - ETA: 26.8s
[181/308] Sent chunk: 17551718-0180-0308-P9NaV5kTWEAJcN0_tRZaTR1dZWbeFk...
[182/308] Sent chunk: 17551718-0181-0308-wCnPdPdYSWU0VbnYevDCIB7vunKkLr...
[183/308] Sent chunk: 17551718-0182-0308-iczV98CilP4EeOA_N1JsRQf0lbpaew...
[184/308] Sent chunk: 17551718-0183-0308-I88E8HBJe0mtxNgA_-abXgmuaSswnw...
[185/308] Sent chunk: 17551718-0184-0308-wj_NFVzUGHI1AX74pzGCq-pGjibAE_...
[186/308] Sent chunk: 17551718-0185-0308-_UTXBZ9cnNBPjin-oLrqsCOZkAb_xT...
[187/308] Sent chunk: 17551718-0186-0308-BdGVZbiYAH_8ZwgvbRe5lwB__NMu4b...
[188/308] Sent chunk: 17551718-0187-0308-UFMDJedQKS_PEvMCr-F4IYGK02AT75...
[189/308] Sent chunk: 17551718-0188-0308-FxgU_QtBjItVmgCv_Es4adOO3EqAX_...
[190/308] Sent chunk: 17551718-0189-0308-6pnfD6apNTCfDMv4QvLkqGXEqAb_5D...
[191/308] Sent chunk: 17551718-0190-0308-JcWXmEbuJMA3_5QmYY3ryJkE1JXuf4...
[192/308] Sent chunk: 17551718-0191-0308-XZ_mmdhEW-Qe4kwDf_YtMX_58JhAQU...
[193/308] Sent chunk: 17551718-0192-0308-TIzx_qUctu5FSICt_gUuC_mNpoQE2O...
[194/308] Sent chunk: 17551718-0193-0308-pf4KqA36hKSICt_qmqhJWGZyMBtvrP...
[195/308] Sent chunk: 17551718-0194-0308-Dpex1n2EBNjpn_ZJWewyQgLs9E_LpK...
[196/308] Sent chunk: 17551718-0195-0308-x2MiEBdvqnyVKW242QADv9Cx8JDvR9...
[197/308] Sent chunk: 17551718-0196-0308-oLEJsMe_pOlrEeeRADv9n4-Qs-QthA...
[198/308] Sent chunk: 17551718-0197-0308-TY6F_ospgLmUNIgI3-aY6kRQ8iJMBG...
[199/308] Sent chunk: 17551718-0198-0308-_zRI0qobExJgo39qLGnZcSEkwEb_IW...
[200/308] Sent chunk: 17551718-0199-0308-mj174jJMA-__SdtJUvIiTAPv-0SNrS...
Progress: 64.9% (200/308) - ETA: 22.9s
[201/308] Sent chunk: 17551718-0200-0308-xxESYJ9_Gidt7R0JCbDPP3WUtvhq5H...
[202/308] Sent chunk: 17551718-0201-0308-0CLPRP1eQtP933BMR8Zp__dInrX0N-...
[203/308] Sent chunk: 17551718-0202-0308-J8BG_7RGYgNmkNcJsNI_zZDYgV7kcw...
[204/308] Sent chunk: 17551718-0203-0308-Ls9C_lSPgv1CWPE2Cpf5L5IVx0jr8J...
[205/308] Sent chunk: 17551718-0204-0308-sNV_TrTMLuwiXxNgq38J46Eu5HXyNA...
[206/308] Sent chunk: 17551718-0205-0308-HW-qfXpfZhGPmZAHv9S74LrQV5mQCL...
[207/308] Sent chunk: 17551718-0206-0308-_VMLqZ0oTz4mwGb_VF5uL_Z6mACr_e...
[208/308] Sent chunk: 17551718-0207-0308--V3IwXybsEWO2fXpTcjS7kWwLs9k9d...
[209/308] Sent chunk: 17551718-0208-0308-JLcjPuRZAiz3H4qX3ZA95FUCLPdPe6...
[210/308] Sent chunk: 17551718-0209-0308-R3ZBb5lADb_dMs6S3pTB4lwHr_1Fl6...
Progress: 68.2% (210/308) - ETA: 20.1s
[211/308] Sent chunk: 17551718-0210-0308-T8qF_EmA_f5D5eT_r7iTfEmA_f5pp4...
[212/308] Sent chunk: 17551718-0211-0308-I_i9PJkwQ44F_CPREX04H8SIAL_qmD...
[213/308] Sent chunk: 17551718-0212-0308-ggCUyfMiAU74zyuj4qfxVvIgAU74p6...
[214/308] Sent chunk: 17551718-0213-0308-1Kno1MIfcTELPcBf80RUkA2pLzCXDE...
[215/308] Sent chunk: 17551718-0214-0308-P7VVEoC4XNcT4Ir_3DglAWAbye0EuO...
[216/308] Sent chunk: 17551718-0215-0308-KfNip6QZZKTifAGf-UqigArcjlBLjj...
[217/308] Sent chunk: 17551718-0216-0308-n1opCkCpHIcT4JD_HGWnZNaSswlwyD...
[218/308] Sent chunk: 17551718-0217-0308--tVXZKKplcTYBL_ilZWQCak6MJcMo_...
[219/308] Sent chunk: 17551718-0218-0308-NVd3TjLLzQS45T8rRt1J6VXkYgLc8k...
[220/308] Sent chunk: 17551718-0219-0308--rFB6Vf4wcTIBj_ukxhQFIIPcS4Jp_...
[221/308] Sent chunk: 17551718-0220-0308-SlD5tdQ25xLgnP9tSj-X-zs5lgDn_N...
[222/308] Sent chunk: 17551718-0221-0308-PflQbgenIrAe75p-uVBoB961QCHPT_...
[223/308] Sent chunk: 17551718-0222-0308-rVr_7FlyKAEO-qdnFQegAbmTABf9Uw...
[224/308] Sent chunk: 17551718-0223-0308-PFAQhLcyYBTvpPC1McAPYSOZIAJ_3T...
[225/308] Sent chunk: 17551718-0224-0308-S6r9s9bkRgLc9E-tlQcg6pRdHfmibM...
[226/308] Sent chunk: 17551718-0225-0308-Gfuaxw0v-pKOUBMHRa0KXZX9AFutft...
[227/308] Sent chunk: 17551718-0226-0308-ddK_9MlABdHQtqac6X7RxqhLupv-qa...
[228/308] Sent chunk: 17551718-0227-0308-GGALD91rVlR5vfLaDlFkf1034d_tlT...
[229/308] Sent chunk: 17551718-0228-0308-Fnbmq0lNfr5JO7zRM7vIWZ7SEoAadj...
[230/308] Sent chunk: 17551718-0229-0308-Yn59DmZZsOZpPL1NASALaOgJGs0-Of...
[231/308] Sent chunk: 17551718-0230-0308-9UerzaS_pgCUzUKvTSSrrKYAmHOXML...
[232/308] Sent chunk: 17551718-0231-0308-iQRbr8s05otol00haA6JPotnmcjNYW...
[233/308] Sent chunk: 17551718-0232-0308-ADYN7TaPafr8s5oh9Ns0QjU1BoB9io...
[234/308] Sent chunk: 17551718-0233-0308-abxqc6_bP2aLhptNcagPAD6LhZHAjX...
[235/308] Sent chunk: 17551718-0234-0308-GgD2BFpuFk_o9c_KZ6LnJpFZXnMA2K...
[236/308] Sent chunk: 17551718-0235-0308-toukm8qts_ux1NN4nbtQeAbUHXzWGL...
[237/308] Sent chunk: 17551718-0236-0308-fv-sJ9puDj0DCECJNPTdFNJKBBAAE6...
[238/308] Sent chunk: 17551718-0237-0308--U95VhQfhnpfFO0BBOlg4kAGwsWm8G...
[239/308] Sent chunk: 17551718-0238-0308-Y4Pxz644g96bwJkrAgqABfPjvSA1KP...
[240/308] Sent chunk: 17551718-0239-0308-8s_hy6Hzzn4gMLAHse7Q-e54Pzz6pk...
Progress: 77.9% (240/308) - ETA: 13.9s
[241/308] Sent chunk: 17551718-0240-0308-o_9Bk10lwACwlyEgaF4O0j-rkQsDwZ...
[242/308] Sent chunk: 17551718-0241-0308-JbI9AAWDYyyEFeCtY_q3gWDoLkbMWA...
[243/308] Sent chunk: 17551718-0242-0308-A8CehIQgeTJo_6zkIVgIjkMlAw8A6w...
[244/308] Sent chunk: 17551718-0243-0308-ENwdEjeP8sbDs8BMX2MAMCwJpBRFA0...
[245/308] Sent chunk: 17551718-0244-0308-Y0awBCaCYYkZ_lktPA0K5hlQLUMCwF...
[246/308] Sent chunk: 17551718-0245-0308-6AjCB4wRT_rPwJ2NDPifLGBIB1hw79...
[247/308] Sent chunk: 17551718-0246-0308-dGcGsRQ-dLPUJP8sAa8ENHM2wagAsE...
[248/308] Sent chunk: 17551718-0247-0308-FQopdBZvlnYZgfq5V1YYYFgNXC-FCN...
[249/308] Sent chunk: 17551718-0248-0308-ZNVixoHPRDQy1jz_LGo3vOhid5SBAW...
[250/308] Sent chunk: 17551718-0249-0308-D182BGD3n1mZGMhxo9jDfTPwtfDTc6...
[251/308] Sent chunk: 17551718-0250-0308-WB1uaADYlcdgRz3HrmTG0jIfflST35...
[252/308] Sent chunk: 17551718-0251-0308-IZTAoEqSbFZP8s4t8wpJZ_RxgdAFYZ...
[253/308] Sent chunk: 17551718-0252-0308-RwOUcqIyM5w2uEpAIaE2zHgmQ5M6Jp...
[254/308] Sent chunk: 17551718-0253-0308-vvn0WuhydVrI-0IAAs4RRMqeFUArOC...
[255/308] Sent chunk: 17551718-0254-0308-DlClhg7MEnCpmBKm2eKfRW2GLflsjr...
[256/308] Sent chunk: 17551718-0255-0308-ImAKz6afiSzenqzCI6Q5hsOjOrmAVj...
[257/308] Sent chunk: 17551718-0256-0308-cplll38WvQ3OZLIt2rIAsATcJyGRtA...
[258/308] Sent chunk: 17551718-0257-0308-RmHfUwSFga5-oxC_kbTodIIv9vzEqG...
[259/308] Sent chunk: 17551718-0258-0308-Qp0chjJLweAIKbxgq38Wga_GJbA0wt...
[260/308] Sent chunk: 17551718-0259-0308-oAsLgv4U-UL-OYxVQ9AoNiHKnKrKbu...
[261/308] Sent chunk: 17551718-0260-0308-T3Aowk91meV0wI9BkR-AHZj1DIFGfo...
[262/308] Sent chunk: 17551718-0261-0308-YwB8B7IW5mueCfRXwMk3x8HOFEAFjs...
[263/308] Sent chunk: 17551718-0262-0308-TrjkYWcsc4Qqh2Gz-ByuwpyhTgZ8Fp...
[264/308] Sent chunk: 17551718-0263-0308-eMOswh7sYMsWKSdTdzivY5cFocctoz...
[265/308] Sent chunk: 17551718-0264-0308-x-iESwWKQW4n5hxdMESsyOR1YQ6SiI...
[266/308] Sent chunk: 17551718-0265-0308-fCRX0AnMic5GEkoGj-H2aO0gfDI4pA...
[267/308] Sent chunk: 17551718-0266-0308-qA9zlgHQe3kGMId5DH4vx2PMaYbBcO...
[268/308] Sent chunk: 17551718-0267-0308-EMY44zCo4LYxRzHtwrUAhjmQckw_Ol...
[269/308] Sent chunk: 17551718-0268-0308-SGZeMAmmC2YS8wTMECqQacwb8FfA3_...
[270/308] Sent chunk: 17551718-0269-0308-__f2Ygngr_8fnvQOYV9-OEyO_Iup95...
Progress: 87.7% (270/308) - ETA: 7.8s
[271/308] Sent chunk: 17551718-0270-0308-RvMzsP4bZ5oz76hzFN5_4Wgd5iE19s...
[272/308] Sent chunk: 17551718-0271-0308-P8z-yvwbykIiaJERHRtorMU2JXwj7R...
[273/308] Sent chunk: 17551718-0272-0308-yljmLdHvwP870cxjwmb67n9mGPObMX...
[274/308] Sent chunk: 17551718-0273-0308-77H8O8p7fHx8XzesM_Y-3P--r_fHvY...
[275/308] Sent chunk: 17551718-0274-0308-Z4yxOzydJHXkDrj_mau8vGhs_VUw_-...
[276/308] Sent chunk: 17551718-0275-0308-vPwdn--Z8dDe8X0C_bL_3Z_eD89zT0...
[277/308] Sent chunk: 17551718-0276-0308-6n6BtIYwftFGYIM__jfgz39BG4E5vv...
[278/308] Sent chunk: 17551718-0277-0308-ifgz__BdPfi41Adn-YvhSNPDgkcrQR...
[279/308] Sent chunk: 17551718-0278-0308-PF-ayptc97-pMiwXRol5bvufVwKOL8...
[280/308] Sent chunk: 17551718-0279-0308-OjDs8Ty3kUfi_Pbd-66v_b22C3KMQu...
[281/308] Sent chunk: 17551718-0280-0308-cNP_gli4LSJdHbx9_HRXeC061da65n...
[282/308] Sent chunk: 17551718-0281-0308-9tNVgtDhHjnToolDc-Ak6L-3bogDv-...
[283/308] Sent chunk: 17551718-0282-0308-D-DdDwd_essV_2_9CTa56HHWBf1ne8...
[284/308] Sent chunk: 17551718-0283-0308-AkLzUceDK8qQY88hM50fJJEvkTI2FR...
[285/308] Sent chunk: 17551718-0284-0308-iDv32ex_350wKEpMqrVXTeSmxsCfBG...
[286/308] Sent chunk: 17551718-0285-0308-7Zaqf_rbfAnaSnQsPP2af_3HA8-5H4...
[287/308] Sent chunk: 17551718-0286-0308-c8C6SQIrsfmXS690m_Sn94Ix2VT6lz...
[288/308] Sent chunk: 17551718-0287-0308-3-_1UJvhTQ0ZIbaA93hCtFbwdesuDS...
[289/308] Sent chunk: 17551718-0288-0308-odBLePKvjsY7TPe_ozEsqSS873GT9R...
[290/308] Sent chunk: 17551718-0289-0308-_vGw5HiikzzdhjwznTysCPBv78iZn-...
[291/308] Sent chunk: 17551718-0290-0308-P_kz3GiizV7z9O9tAy_6iEoy7Nzw6a...
[292/308] Sent chunk: 17551718-0291-0308-QoWNFKhdkGnRTIn10BRrRzyxpT_K_B...
[293/308] Sent chunk: 17551718-0292-0308-a7-AHg3uMkH_Ljz4C4ywboF_R_httz...
[294/308] Sent chunk: 17551718-0293-0308-B4CJDIPgeD1H-wD478BU2JIceC0n9s...
[295/308] Sent chunk: 17551718-0294-0308-CL72N4HSowM5K5A-ujR6bwhlUjJ068...
[296/308] Sent chunk: 17551718-0295-0308-9IwWNfk4ifrvXY4Lnp8ei5aU-GUrT9...
[297/308] Sent chunk: 17551718-0296-0308-ITidAv0mEjdCy9z5tJFx6LWpvwj6Kr...
[298/308] Sent chunk: 17551718-0297-0308--L8Lv-2PmbTHhXpWeGvuyGw_7Gc7ey...
[299/308] Sent chunk: 17551718-0298-0308-dwRr70F3raD-a5ny7We9iRmv9lBumO...
[300/308] Sent chunk: 17551718-0299-0308-SPivePwAtfy7jrXWlnB3Pfb4k3PhZy...
Progress: 97.4% (300/308) - ETA: 1.7s
[301/308] Sent chunk: 17551718-0300-0308-5ZM_SHnhMxbXO1j7m6Ddx4LnhvI_aY...
[302/308] Sent chunk: 17551718-0301-0308--D3lZTLUXgDoKjE69GB60n8v5VXF-U...
[303/308] Sent chunk: 17551718-0302-0308-hVbdj4OejnDd1JPF1X9yKk75u0RM4o...
[304/308] Sent chunk: 17551718-0303-0308-fFeDaQuTgR032cI6570TKQubg73vY4...
[305/308] Sent chunk: 17551718-0304-0308-SmziB5mw73kGun1wHvZ9z8CiAo4PnY...
[306/308] Sent chunk: 17551718-0305-0308-d9jyjRYsrvPirZPbUVdn2-cVWvFz7e...
[307/308] Sent chunk: 17551718-0306-0308-_eOPuz9-oZfHd_n9H9yghG17KCzIAA...
[308/308] Sent chunk: 17551718-0307-0308-AAAElFTkSuQmCC...

Transmission complete: 100.0% success rate
Actual time: 63.4s (estimated: 107.8s)

📈 EXFILTRATION STATISTICS:
   Duration: 63.39 seconds
   Total chunks: 308
   Successful: 308
   Failed: 0
   Retries: 0
   Success rate: 100.0%
   Throughput: 109.14 bytes/sec
   Total bytes: 6918
[client] Quick test terminé. Pause 30s…
[client] Filtrage CSV…
✅ Filtré → /app/captured/output.only_172.18.0.5.csv
✅ Supprimé du fichier original (entête conservé) → /traffic_analyzer/output/output.csv
[client] Sélection du dernier CSV filtré…
[client] CSV sélectionné: /app/captured/output.only_172.18.0.5.csv
[client] Lancement predictor…
/usr/local/lib/python3.11/site-packages/sklearn/base.py:376: InconsistentVersionWarning: Trying to unpickle estimator StandardScaler from version 1.6.1 when using version 1.4.0. This might lead to breaking code or invalid results. Use at your own risk. For more info please refer to:
https://scikit-learn.org/stable/model_persistence.html#security-maintainability-limitations
  warnings.warn(
/usr/local/lib/python3.11/site-packages/sklearn/base.py:376: InconsistentVersionWarning: Trying to unpickle estimator LabelEncoder from version 1.6.1 when using version 1.4.0. This might lead to breaking code or invalid results. Use at your own risk. For more info please refer to:
https://scikit-learn.org/stable/model_persistence.html#security-maintainability-limitations
  warnings.warn(
2025-08-14 11:45:01,257 - INFO - ✅ Préprocesseurs chargés
2025-08-14 11:45:01,410 - INFO - ✅ Modèle chargé: gradient_boosting
/usr/local/lib/python3.11/site-packages/sklearn/base.py:376: InconsistentVersionWarning: Trying to unpickle estimator LogisticRegression from version 1.6.1 when using version 1.4.0. This might lead to breaking code or invalid results. Use at your own risk. For more info please refer to:
https://scikit-learn.org/stable/model_persistence.html#security-maintainability-limitations
  warnings.warn(
2025-08-14 11:45:01,411 - INFO - ✅ Modèle chargé: logistic_regression
2025-08-14 11:45:01,456 - INFO - ✅ Modèle chargé: random_forest
2025-08-14 11:45:01,456 - INFO - 📊 3 modèles chargés: ['gradient_boosting', 'logistic_regression', 'random_forest']
2025-08-14 11:45:01,456 - INFO - 📊 Chargement données: /app/captured/output.only_172.18.0.5.csv
2025-08-14 11:45:01,460 - INFO - 📊 Features utilisées: 31/31
/usr/local/lib/python3.11/site-packages/sklearn/base.py:493: UserWarning: X does not have valid feature names, but GradientBoostingClassifier was fitted with feature names
  warnings.warn(
/usr/local/lib/python3.11/site-packages/sklearn/base.py:493: UserWarning: X does not have valid feature names, but GradientBoostingClassifier was fitted with feature names
  warnings.warn(
2025-08-14 11:45:01,481 - INFO - 📊 Features utilisées: 31/31
/usr/local/lib/python3.11/site-packages/sklearn/base.py:493: UserWarning: X does not have valid feature names, but LogisticRegression was fitted with feature names
  warnings.warn(
/usr/local/lib/python3.11/site-packages/sklearn/base.py:493: UserWarning: X does not have valid feature names, but LogisticRegression was fitted with feature names
  warnings.warn(
2025-08-14 11:45:01,500 - INFO - 📊 Features utilisées: 31/31
/usr/local/lib/python3.11/site-packages/sklearn/base.py:493: UserWarning: X does not have valid feature names, but RandomForestClassifier was fitted with feature names
  warnings.warn(
/usr/local/lib/python3.11/site-packages/sklearn/base.py:493: UserWarning: X does not have valid feature names, but RandomForestClassifier was fitted with feature names
  warnings.warn(
2025-08-14 11:45:01,528 - INFO - 📊 === RÉSUMÉ DES PRÉDICTIONS ===
2025-08-14 11:45:01,529 - INFO - 🤖 GRADIENT_BOOSTING:
2025-08-14 11:45:01,529 - INFO -    - Benign: 4
2025-08-14 11:45:01,529 - INFO -    - Malicious: 0
2025-08-14 11:45:01,529 - INFO -    - Confiance moyenne: 0.910
2025-08-14 11:45:01,529 - INFO - 🤖 LOGISTIC_REGRESSION:
2025-08-14 11:45:01,529 - INFO -    - Benign: 4
2025-08-14 11:45:01,529 - INFO -    - Malicious: 0
2025-08-14 11:45:01,529 - INFO -    - Confiance moyenne: 1.000
2025-08-14 11:45:01,529 - INFO - 🤖 RANDOM_FOREST:
2025-08-14 11:45:01,529 - INFO -    - Benign: 0
2025-08-14 11:45:01,529 - INFO -    - Malicious: 4
2025-08-14 11:45:01,530 - INFO -    - Confiance moyenne: 0.566
2025-08-14 11:45:01,530 - INFO - 🤖 CONSENSUS:
2025-08-14 11:45:01,530 - INFO -    - Benign: 4
2025-08-14 11:45:01,530 - INFO -    - Malicious: 0
2025-08-14 11:45:01,530 - INFO -    - Confiance moyenne: 0.825
2025-08-14 11:45:01,533 - INFO - 💾 Results written to: output/results_20250814_114501.json
CSV_PATH=/app/captured/output.only_172.18.0.5.csv
PRED_LOG=/tmp/predictor_low_speed-1755171806.log
