2025-08-15 08:35:35,665 - ERROR - Error loading ../models/gradient_boosting.pkl: Can't get attribute '__pyx_unpickle_CyHalfBinomialLoss' on <module 'sklearn._loss._loss' from '/usr/local/lib/python3.11/site-packages/sklearn/_loss/_loss.cpython-311-x86_64-linux-gnu.so'>
2025-08-15 08:35:35,672 - INFO - Loaded model: logistic_regression
2025-08-15 08:35:35,789 - INFO - Loaded model: random_forest
2025-08-15 08:35:35,790 - INFO - Loaded DoHXP rule-based model from ../models/dohxp_model.json
2025-08-15 08:35:35,790 - INFO - Loading data: /app/captured/output.only_172.18.0.5.csv
2025-08-15 08:35:35,804 - INFO - Features used: 31/31
2025-08-15 08:35:35,805 - INFO - === PREDICTIONS ===
2025-08-15 08:35:35,813 - INFO - 🤖 LOGISTIC_REGRESSION:
2025-08-15 08:35:35,813 - INFO -    - Benign: 39
2025-08-15 08:35:35,813 - INFO -    - Malicious: 0
2025-08-15 08:35:35,813 - INFO -    - Threshold applied: 0.957
2025-08-15 08:35:35,813 - INFO -    - Avg confidence: 0.983
2025-08-15 08:35:35,843 - INFO - 🤖 RANDOM_FOREST:
2025-08-15 08:35:35,843 - INFO -    - Benign: 1
2025-08-15 08:35:35,843 - INFO -    - Malicious: 38
2025-08-15 08:35:35,843 - INFO -    - Threshold applied: 0.209
2025-08-15 08:35:35,843 - INFO -    - Avg confidence: 0.701
2025-08-15 08:35:35,845 - INFO - 🤖 DOHXP:
2025-08-15 08:35:35,846 - INFO -    - Benign: 0
2025-08-15 08:35:35,846 - INFO -    - Malicious: 39
2025-08-15 08:35:35,846 - INFO -    - Threshold applied: 0.500
2025-08-15 08:35:35,846 - INFO -    - Avg confidence: 0.610
2025-08-15 08:35:35,846 - INFO - 
=== SUMMARY OF PREDICTIONS ===

Model                      Benign    Malicious      Total Threshold   Confidence
--------------------------------------------------------------------------------
logistic_regression            39            0         39    0.957        0.983
random_forest                   1           38         39    0.209        0.701
dohxp                           0           39         39    0.500        0.610
