2025-08-15 16:25:00,000 - INFO - Loaded model: gradient_boosting
2025-08-15 16:25:00,002 - INFO - Loaded model: logistic_regression
2025-08-15 16:25:00,163 - INFO - Loaded model: random_forest
2025-08-15 16:25:00,163 - INFO - Loaded DoHXP rule-based model from ../models/dohxp_model.json
2025-08-15 16:25:00,163 - INFO - Loading data: /app/captured/output.only_172.18.0.5.csv
2025-08-15 16:25:00,178 - INFO - Features used: 31/31
2025-08-15 16:25:00,178 - INFO - === PREDICTIONS ===
2025-08-15 16:25:00,188 - INFO -  GRADIENT_BOOSTING:
2025-08-15 16:25:00,188 - INFO -    - Benign: 0
2025-08-15 16:25:00,188 - INFO -    - Malicious: 37
2025-08-15 16:25:00,188 - INFO -    - Threshold applied: 0.001
2025-08-15 16:25:00,188 - INFO -    - Avg confidence: 0.774
2025-08-15 16:25:00,195 - INFO -  LOGISTIC_REGRESSION:
2025-08-15 16:25:00,195 - INFO -    - Benign: 37
2025-08-15 16:25:00,195 - INFO -    - Malicious: 0
2025-08-15 16:25:00,195 - INFO -    - Threshold applied: 0.961
2025-08-15 16:25:00,195 - INFO -    - Avg confidence: 0.999
2025-08-15 16:25:00,225 - INFO -  RANDOM_FOREST:
2025-08-15 16:25:00,226 - INFO -    - Benign: 0
2025-08-15 16:25:00,226 - INFO -    - Malicious: 37
2025-08-15 16:25:00,226 - INFO -    - Threshold applied: 0.024
2025-08-15 16:25:00,226 - INFO -    - Avg confidence: 0.918
2025-08-15 16:25:00,228 - INFO -  DOHXP:
2025-08-15 16:25:00,228 - INFO -    - Benign: 0
2025-08-15 16:25:00,228 - INFO -    - Malicious: 37
2025-08-15 16:25:00,228 - INFO -    - Threshold applied: 0.500
2025-08-15 16:25:00,228 - INFO -    - Avg confidence: 0.600
2025-08-15 16:25:00,228 - INFO - 
=== SUMMARY OF PREDICTIONS ===

Model                      Benign    Malicious      Total Threshold   Confidence
--------------------------------------------------------------------------------
gradient_boosting               0           37         37    0.001        0.774
logistic_regression            37            0         37    0.961        0.999
random_forest                   0           37         37    0.024        0.918
dohxp                           0           37         37    0.500        0.600
