2025-08-15 18:33:54,261 - INFO - Loaded model: gradient_boosting
2025-08-15 18:33:54,263 - INFO - Loaded model: logistic_regression
2025-08-15 18:33:54,437 - INFO - Loaded model: random_forest
2025-08-15 18:33:54,438 - INFO - Loaded DoHXP rule-based model from ../models/dohxp_model.json
2025-08-15 18:33:54,438 - INFO - Loading data: /app/captured/output.only_172.18.0.5.csv
2025-08-15 18:33:54,494 - INFO - Features used: 31/31
2025-08-15 18:33:54,494 - INFO - === PREDICTIONS ===
2025-08-15 18:33:54,506 - INFO -  GRADIENT_BOOSTING:
2025-08-15 18:33:54,506 - INFO -    - Benign: 2
2025-08-15 18:33:54,506 - INFO -    - Malicious: 253
2025-08-15 18:33:54,506 - INFO -    - Threshold applied: 0.001
2025-08-15 18:33:54,506 - INFO -    - Avg confidence: 0.938
2025-08-15 18:33:54,512 - INFO -  LOGISTIC_REGRESSION:
2025-08-15 18:33:54,512 - INFO -    - Benign: 237
2025-08-15 18:33:54,513 - INFO -    - Malicious: 18
2025-08-15 18:33:54,513 - INFO -    - Threshold applied: 0.961
2025-08-15 18:33:54,513 - INFO -    - Avg confidence: 0.997
2025-08-15 18:33:54,547 - INFO -  RANDOM_FOREST:
2025-08-15 18:33:54,547 - INFO -    - Benign: 2
2025-08-15 18:33:54,547 - INFO -    - Malicious: 253
2025-08-15 18:33:54,547 - INFO -    - Threshold applied: 0.024
2025-08-15 18:33:54,547 - INFO -    - Avg confidence: 0.867
2025-08-15 18:33:54,557 - INFO -  DOHXP:
2025-08-15 18:33:54,557 - INFO -    - Benign: 0
2025-08-15 18:33:54,557 - INFO -    - Malicious: 255
2025-08-15 18:33:54,557 - INFO -    - Threshold applied: 0.500
2025-08-15 18:33:54,557 - INFO -    - Avg confidence: 0.889
2025-08-15 18:33:54,557 - INFO - 
=== SUMMARY OF PREDICTIONS ===

Model                      Benign    Malicious      Total Threshold   Confidence
--------------------------------------------------------------------------------
gradient_boosting               2          253        255    0.001        0.938
logistic_regression           237           18        255    0.961        0.997
random_forest                   2          253        255    0.024        0.867
dohxp                           0          255        255    0.500        0.889
