2025-08-15 10:59:21,486 - ERROR - Error loading ../models/gradient_boosting.pkl: Can't get attribute '__pyx_unpickle_CyHalfBinomialLoss' on <module 'sklearn._loss._loss' from '/usr/local/lib/python3.11/site-packages/sklearn/_loss/_loss.cpython-311-x86_64-linux-gnu.so'>
2025-08-15 10:59:21,492 - INFO - Loaded model: logistic_regression
2025-08-15 10:59:21,613 - INFO - Loaded model: random_forest
2025-08-15 10:59:21,614 - INFO - Loaded DoHXP rule-based model from ../models/dohxp_model.json
2025-08-15 10:59:21,614 - INFO - Loading data: /app/captured/output.only_172.18.0.5.csv
2025-08-15 10:59:21,628 - INFO - Features used: 31/31
2025-08-15 10:59:21,628 - INFO - === PREDICTIONS ===
2025-08-15 10:59:21,636 - INFO - 🤖 LOGISTIC_REGRESSION:
2025-08-15 10:59:21,636 - INFO -    - Benign: 8
2025-08-15 10:59:21,636 - INFO -    - Malicious: 0
2025-08-15 10:59:21,636 - INFO -    - Threshold applied: 0.957
2025-08-15 10:59:21,636 - INFO -    - Avg confidence: 0.989
2025-08-15 10:59:21,666 - INFO - 🤖 RANDOM_FOREST:
2025-08-15 10:59:21,666 - INFO -    - Benign: 1
2025-08-15 10:59:21,666 - INFO -    - Malicious: 7
2025-08-15 10:59:21,666 - INFO -    - Threshold applied: 0.209
2025-08-15 10:59:21,666 - INFO -    - Avg confidence: 0.699
2025-08-15 10:59:21,667 - INFO - 🤖 DOHXP:
2025-08-15 10:59:21,667 - INFO -    - Benign: 0
2025-08-15 10:59:21,667 - INFO -    - Malicious: 8
2025-08-15 10:59:21,667 - INFO -    - Threshold applied: 0.500
2025-08-15 10:59:21,667 - INFO -    - Avg confidence: 0.600
2025-08-15 10:59:21,667 - INFO - 
=== SUMMARY OF PREDICTIONS ===

Model                      Benign    Malicious      Total Threshold   Confidence
--------------------------------------------------------------------------------
logistic_regression             8            0          8    0.957        0.989
random_forest                   1            7          8    0.209        0.699
dohxp                           0            8          8    0.500        0.600
